

================================================================
== Vitis HLS Report for 'spvm_kernel_Loop_VITIS_LOOP_30_1_proc2_Pipeline_VITIS_LOOP_30_1'
================================================================
* Date:           Fri Oct 21 20:04:44 2022

* Version:        2022.1 (Build 3526262 on Mon Apr 18 15:48:16 MDT 2022)
* Project:        proj3
* Solution:       solution1 (Vivado IP Flow Target)
* Product family: zynq
* Target device:  xc7z020-clg400-1


================================================================
== Performance Estimates
================================================================
+ Timing: 
    * Summary: 
    +--------+----------+----------+------------+
    |  Clock |  Target  | Estimated| Uncertainty|
    +--------+----------+----------+------------+
    |ap_clk  |  10.00 ns|  5.956 ns|     2.70 ns|
    +--------+----------+----------+------------+

+ Latency: 
    * Summary: 
    +---------+---------+----------+----------+-----+-----+---------+
    |  Latency (cycles) |  Latency (absolute) |  Interval | Pipeline|
    |   min   |   max   |    min   |    max   | min | max |   Type  |
    +---------+---------+----------+----------+-----+-----+---------+
    |        ?|        ?|         ?|         ?|    ?|    ?|       no|
    +---------+---------+----------+----------+-----+-----+---------+

    + Detail: 
        * Instance: 
        N/A

        * Loop: 
        +-------------------+---------+---------+----------+-----------+-----------+------+----------+
        |                   |  Latency (cycles) | Iteration|  Initiation Interval  | Trip |          |
        |     Loop Name     |   min   |   max   |  Latency |  achieved |   target  | Count| Pipelined|
        +-------------------+---------+---------+----------+-----------+-----------+------+----------+
        |- VITIS_LOOP_30_1  |        ?|        ?|         2|          1|          1|     ?|       yes|
        +-------------------+---------+---------+----------+-----------+-----------+------+----------+



================================================================
== Utilization Estimates
================================================================
* Summary: 
+-----------------+---------+-----+--------+-------+-----+
|       Name      | BRAM_18K| DSP |   FF   |  LUT  | URAM|
+-----------------+---------+-----+--------+-------+-----+
|DSP              |        -|    -|       -|      -|    -|
|Expression       |        -|    -|       0|     61|    -|
|FIFO             |        -|    -|       -|      -|    -|
|Instance         |        -|    -|       -|      -|    -|
|Memory           |        -|    -|       -|      -|    -|
|Multiplexer      |        -|    -|       -|     45|    -|
|Register         |        -|    -|      35|      -|    -|
+-----------------+---------+-----+--------+-------+-----+
|Total            |        0|    0|      35|    106|    0|
+-----------------+---------+-----+--------+-------+-----+
|Available        |      280|  220|  106400|  53200|    0|
+-----------------+---------+-----+--------+-------+-----+
|Utilization (%)  |        0|    0|      ~0|     ~0|    0|
+-----------------+---------+-----+--------+-------+-----+

+ Detail: 
    * Instance: 
    N/A

    * DSP: 
    N/A

    * Memory: 
    N/A

    * FIFO: 
    N/A

    * Expression: 
    +---------------------------+----------+----+---+----+------------+------------+
    |       Variable Name       | Operation| DSP| FF| LUT| Bitwidth P0| Bitwidth P1|
    +---------------------------+----------+----+---+----+------------+------------+
    |add_ln30_fu_77_p2          |         +|   0|  0|  39|          32|           1|
    |ap_block_pp0_stage0_01001  |       and|   0|  0|   2|           1|           1|
    |icmp_ln30_fu_71_p2         |      icmp|   0|  0|  18|          32|          32|
    |ap_enable_pp0              |       xor|   0|  0|   2|           1|           2|
    +---------------------------+----------+----+---+----+------------+------------+
    |Total                      |          |   0|  0|  61|          66|          36|
    +---------------------------+----------+----+---+----+------------+------------+

    * Multiplexer: 
    +-------------------------+----+-----------+-----+-----------+
    |           Name          | LUT| Input Size| Bits| Total Bits|
    +-------------------------+----+-----------+-----+-----------+
    |ap_done_int              |   9|          2|    1|          2|
    |ap_enable_reg_pp0_iter1  |   9|          2|    1|          2|
    |ap_sig_allocacmp_i_3     |   9|          2|   32|         64|
    |i_fu_32                  |   9|          2|   32|         64|
    |rows_fifo_blk_n          |   9|          2|    1|          2|
    +-------------------------+----+-----------+-----+-----------+
    |Total                    |  45|         10|   67|        134|
    +-------------------------+----+-----------+-----+-----------+

    * Register: 
    +-------------------------+----+----+-----+-----------+
    |           Name          | FF | LUT| Bits| Const Bits|
    +-------------------------+----+----+-----+-----------+
    |ap_CS_fsm                |   1|   0|    1|          0|
    |ap_done_reg              |   1|   0|    1|          0|
    |ap_enable_reg_pp0_iter1  |   1|   0|    1|          0|
    |i_fu_32                  |  32|   0|   32|          0|
    +-------------------------+----+----+-----+-----------+
    |Total                    |  35|   0|   35|          0|
    +-------------------------+----+----+-----+-----------+



================================================================
== Interface
================================================================
* Summary: 
+--------------------------+-----+-----+------------+-----------------------------------------------------------------+--------------+
|         RTL Ports        | Dir | Bits|  Protocol  |                          Source Object                          |    C Type    |
+--------------------------+-----+-----+------------+-----------------------------------------------------------------+--------------+
|ap_clk                    |   in|    1|  ap_ctrl_hs|  spvm_kernel_Loop_VITIS_LOOP_30_1_proc2_Pipeline_VITIS_LOOP_30_1|  return value|
|ap_rst                    |   in|    1|  ap_ctrl_hs|  spvm_kernel_Loop_VITIS_LOOP_30_1_proc2_Pipeline_VITIS_LOOP_30_1|  return value|
|ap_start                  |   in|    1|  ap_ctrl_hs|  spvm_kernel_Loop_VITIS_LOOP_30_1_proc2_Pipeline_VITIS_LOOP_30_1|  return value|
|ap_done                   |  out|    1|  ap_ctrl_hs|  spvm_kernel_Loop_VITIS_LOOP_30_1_proc2_Pipeline_VITIS_LOOP_30_1|  return value|
|ap_idle                   |  out|    1|  ap_ctrl_hs|  spvm_kernel_Loop_VITIS_LOOP_30_1_proc2_Pipeline_VITIS_LOOP_30_1|  return value|
|ap_ready                  |  out|    1|  ap_ctrl_hs|  spvm_kernel_Loop_VITIS_LOOP_30_1_proc2_Pipeline_VITIS_LOOP_30_1|  return value|
|rows_fifo_din             |  out|   32|     ap_fifo|                                                        rows_fifo|       pointer|
|rows_fifo_num_data_valid  |   in|    2|     ap_fifo|                                                        rows_fifo|       pointer|
|rows_fifo_fifo_cap        |   in|    2|     ap_fifo|                                                        rows_fifo|       pointer|
|rows_fifo_full_n          |   in|    1|     ap_fifo|                                                        rows_fifo|       pointer|
|rows_fifo_write           |  out|    1|     ap_fifo|                                                        rows_fifo|       pointer|
|row_size                  |   in|   32|     ap_none|                                                         row_size|        scalar|
|rows_address0             |  out|    2|   ap_memory|                                                             rows|         array|
|rows_ce0                  |  out|    1|   ap_memory|                                                             rows|         array|
|rows_q0                   |   in|   32|   ap_memory|                                                             rows|         array|
+--------------------------+-----+-----+------------+-----------------------------------------------------------------+--------------+

============================================================
+ Verbose Summary: Synthesis Manager
============================================================
InlineROM: 1
ExposeGlobal: 0
============================================================
+ Verbose Summary: CDFG Model
============================================================
IsTopModel: 0
ResetActiveHigh: 1
IsCombinational: 2
IsDatapathOnly: 2
HasWiredReturn: 1
HasMFsm: 2
HasVarLatency: 1
IsPipeline: 0
IsRtlPipelined: 0
IsInstanceOverlapped: 0
IsDontTouch: 0
HasImplIP: 0
IsGatedGlobalClock: 0

+ Individual pipeline summary: 
  * Pipeline-0: initiation interval (II) = 1, depth = 2


============================================================
+ Verbose Summary: Schedule
============================================================
* Number of FSM states : 2
* Pipeline : 1
  Pipeline-0 : II = 1, D = 2, States = { 1 2 }
* Dataflow Pipeline: 0

* FSM state transitions: 
1 --> 2 
2 --> 

* FSM state operations: 

State 1 <SV = 0> <Delay = 4.14>
ST_1 : Operation 5 [1/1] (0.00ns)   --->   "%i = alloca i32 1"   --->   Operation 5 'alloca' 'i' <Predicate = true> <Delay = 0.00>
ST_1 : Operation 6 [1/1] (0.00ns)   --->   "%specinterface_ln0 = specinterface void @_ssdm_op_SpecInterface, i32 %rows, void @empty, i32 0, i32 0, void @empty_0, i32 4294967295, i32 0, void @empty_0, void @empty_0, void @empty_0, i32 0, i32 0, i32 0, i32 0, void @empty_0, void @empty_0, i32 4294967295, i32 0"   --->   Operation 6 'specinterface' 'specinterface_ln0' <Predicate = true> <Delay = 0.00>
ST_1 : Operation 7 [1/1] (0.00ns)   --->   "%specinterface_ln0 = specinterface void @_ssdm_op_SpecInterface, i32 %rows_fifo, void @empty_2, i32 0, i32 0, void @empty_0, i32 0, i32 0, void @empty_0, void @empty_0, void @empty_0, i32 0, i32 0, i32 0, i32 0, void @empty_0, void @empty_0, i32 4294967295, i32 0"   --->   Operation 7 'specinterface' 'specinterface_ln0' <Predicate = true> <Delay = 0.00>
ST_1 : Operation 8 [1/1] (0.00ns)   --->   "%row_size_read = read i32 @_ssdm_op_Read.ap_auto.i32, i32 %row_size"   --->   Operation 8 'read' 'row_size_read' <Predicate = true> <Delay = 0.00>
ST_1 : Operation 9 [1/1] (1.58ns)   --->   "%store_ln0 = store i32 0, i32 %i"   --->   Operation 9 'store' 'store_ln0' <Predicate = true> <Delay = 1.58>
ST_1 : Operation 10 [1/1] (0.00ns)   --->   "%br_ln0 = br void %for.cond"   --->   Operation 10 'br' 'br_ln0' <Predicate = true> <Delay = 0.00>
ST_1 : Operation 11 [1/1] (0.00ns)   --->   "%i_3 = load i32 %i" [proj3/spmv.cpp:30]   --->   Operation 11 'load' 'i_3' <Predicate = true> <Delay = 0.00>
ST_1 : Operation 12 [1/1] (2.47ns)   --->   "%icmp_ln30 = icmp_eq  i32 %i_3, i32 %row_size_read" [proj3/spmv.cpp:30]   --->   Operation 12 'icmp' 'icmp_ln30' <Predicate = true> <Delay = 2.47> <CoreInst = "Cmp">   --->   Core 9 'Cmp' <Latency = 0> <II = 1> <Delay = 2.47> <FuncUnit> <Opcode : 'icmp'> <InPorts = 2> <OutPorts = 1>
ST_1 : Operation 13 [1/1] (2.55ns)   --->   "%add_ln30 = add i32 %i_3, i32 1" [proj3/spmv.cpp:30]   --->   Operation 13 'add' 'add_ln30' <Predicate = true> <Delay = 2.55> <CoreInst = "Adder">   --->   Core 1 'Adder' <Latency = 0> <II = 1> <Delay = 2.55> <FuncUnit> <Opcode : 'add' 'sub'> <InPorts = 2> <OutPorts = 1>
ST_1 : Operation 14 [1/1] (0.00ns)   --->   "%br_ln30 = br i1 %icmp_ln30, void %for.inc, void %for.cond1.exitStub.exitStub" [proj3/spmv.cpp:30]   --->   Operation 14 'br' 'br_ln30' <Predicate = true> <Delay = 0.00>
ST_1 : Operation 15 [1/1] (0.00ns)   --->   "%zext_ln29 = zext i32 %i_3" [proj3/spmv.cpp:29]   --->   Operation 15 'zext' 'zext_ln29' <Predicate = (!icmp_ln30)> <Delay = 0.00>
ST_1 : Operation 16 [1/1] (0.00ns)   --->   "%rows_addr = getelementptr i32 %rows, i64 0, i64 %zext_ln29" [E:/Xilinx/Vitis_HLS/2022.1/common/technology/autopilot/hls_stream_39.h:174]   --->   Operation 16 'getelementptr' 'rows_addr' <Predicate = (!icmp_ln30)> <Delay = 0.00>
ST_1 : Operation 17 [2/2] (2.32ns)   --->   "%rows_load = load i2 %rows_addr" [E:/Xilinx/Vitis_HLS/2022.1/common/technology/autopilot/hls_stream_39.h:174]   --->   Operation 17 'load' 'rows_load' <Predicate = (!icmp_ln30)> <Delay = 2.32> <CoreInst = "RAM">   --->   Core 82 'RAM' <Latency = 1> <II = 1> <Delay = 2.32> <Storage> <Opcode : 'load' 'store'> <Ports = 2> <Width = 32> <Depth = 4> <RAM>
ST_1 : Operation 18 [1/1] (1.58ns)   --->   "%store_ln30 = store i32 %add_ln30, i32 %i" [proj3/spmv.cpp:30]   --->   Operation 18 'store' 'store_ln30' <Predicate = (!icmp_ln30)> <Delay = 1.58>
ST_1 : Operation 24 [1/1] (0.00ns)   --->   "%ret_ln0 = ret"   --->   Operation 24 'ret' 'ret_ln0' <Predicate = (icmp_ln30)> <Delay = 0.00>

State 2 <SV = 1> <Delay = 5.95>
ST_2 : Operation 19 [1/1] (0.00ns)   --->   "%specpipeline_ln31 = specpipeline void @_ssdm_op_SpecPipeline, i32 4294967295, i32 0, i32 0, i32 0, void @empty_0" [proj3/spmv.cpp:31]   --->   Operation 19 'specpipeline' 'specpipeline_ln31' <Predicate = true> <Delay = 0.00>
ST_2 : Operation 20 [1/1] (0.00ns)   --->   "%specloopname_ln32 = specloopname void @_ssdm_op_SpecLoopName, void @empty_8" [proj3/spmv.cpp:32]   --->   Operation 20 'specloopname' 'specloopname_ln32' <Predicate = true> <Delay = 0.00>
ST_2 : Operation 21 [1/2] (2.32ns)   --->   "%rows_load = load i2 %rows_addr" [E:/Xilinx/Vitis_HLS/2022.1/common/technology/autopilot/hls_stream_39.h:174]   --->   Operation 21 'load' 'rows_load' <Predicate = true> <Delay = 2.32> <CoreInst = "RAM">   --->   Core 82 'RAM' <Latency = 1> <II = 1> <Delay = 2.32> <Storage> <Opcode : 'load' 'store'> <Ports = 2> <Width = 32> <Depth = 4> <RAM>
ST_2 : Operation 22 [1/1] (3.63ns)   --->   "%write_ln174 = write void @_ssdm_op_Write.ap_fifo.volatile.i32P0A, i32 %rows_fifo, i32 %rows_load" [E:/Xilinx/Vitis_HLS/2022.1/common/technology/autopilot/hls_stream_39.h:174]   --->   Operation 22 'write' 'write_ln174' <Predicate = true> <Delay = 3.63> <CoreInst = "FIFO_SRL">   --->   Core 81 'FIFO_SRL' <Latency = 0> <II = 1> <Delay = 3.63> <Storage> <Opcode : 'read' 'write' 'nbread' 'nbwrite'> <Ports = 0> <Width = 32> <Depth = 2> <FIFO>
ST_2 : Operation 23 [1/1] (0.00ns)   --->   "%br_ln30 = br void %for.cond" [proj3/spmv.cpp:30]   --->   Operation 23 'br' 'br_ln30' <Predicate = true> <Delay = 0.00>


============================================================
+ Verbose Summary: Binding
============================================================
STG Binding: 
---------------- STG Properties BEGIN ----------------
- Is combinational: 0
- Is one-state seq: 0
- Is datapath-only: 0
- Is pipelined: 0
- Is top level: 0
Port [ Return ] is wired: 1; IO mode=ap_ctrl_hs:ce=0
Port [ row_size]:  wired=1; compound=0; hidden=0; nouse=0; global=0; static=0; extern=0; dir=0; type=0; pingpong=0; private_global=0; IO mode=ap_none:ce=0
Port [ rows]:  wired=1; compound=1; hidden=0; nouse=0; global=0; static=0; extern=0; dir=0; type=1; pingpong=0; private_global=0; MemPort=[13]; IO mode=ap_memory:ce=0
Port [ rows_fifo]:  wired=1; compound=1; hidden=0; nouse=0; global=0; static=0; extern=0; dir=1; type=3; pingpong=0; private_global=0; IO mode=ap_fifo:ce=0
---------------- STG Properties END ------------------

---------------- Datapath Model BEGIN ----------------

<LifeTime>
<method=bitvector/>
i                 (alloca       ) [ 010]
specinterface_ln0 (specinterface) [ 000]
specinterface_ln0 (specinterface) [ 000]
row_size_read     (read         ) [ 000]
store_ln0         (store        ) [ 000]
br_ln0            (br           ) [ 000]
i_3               (load         ) [ 000]
icmp_ln30         (icmp         ) [ 010]
add_ln30          (add          ) [ 000]
br_ln30           (br           ) [ 000]
zext_ln29         (zext         ) [ 000]
rows_addr         (getelementptr) [ 011]
store_ln30        (store        ) [ 000]
specpipeline_ln31 (specpipeline ) [ 000]
specloopname_ln32 (specloopname ) [ 000]
rows_load         (load         ) [ 000]
write_ln174       (write        ) [ 000]
br_ln30           (br           ) [ 000]
ret_ln0           (ret          ) [ 000]
</LifeTime>

<model>

<comp_list>
<comp id="0" class="1000" name="row_size">
<pin_list>
<pin id="1" dir="1" index="0" bw="1" slack="0"/>
</pin_list>
<bind>
<StgValue><ssdm name="row_size"/></StgValue>
</bind>
</comp>

<comp id="2" class="1000" name="rows">
<pin_list>
<pin id="3" dir="1" index="0" bw="1" slack="0"/>
</pin_list>
<bind>
<StgValue><ssdm name="rows"/><MemPortTyVec>1 3 </MemPortTyVec>
</StgValue>
</bind>
</comp>

<comp id="4" class="1000" name="rows_fifo">
<pin_list>
<pin id="5" dir="1" index="0" bw="1" slack="0"/>
</pin_list>
<bind>
<StgValue><ssdm name="rows_fifo"/></StgValue>
</bind>
</comp>

<comp id="6" class="1001" name="const_6">
<pin_list>
<pin id="7" dir="1" index="0" bw="1" slack="0"/>
</pin_list>
<bind>
<StgValue><ssdm name=""/></StgValue>
</bind>
</comp>

<comp id="8" class="1001" name="const_8">
<pin_list>
<pin id="9" dir="1" index="0" bw="1" slack="2147483647"/>
</pin_list>
<bind>
<StgValue><ssdm name="_ssdm_op_SpecInterface"/></StgValue>
</bind>
</comp>

<comp id="10" class="1001" name="const_10">
<pin_list>
<pin id="11" dir="1" index="0" bw="1" slack="2147483647"/>
</pin_list>
<bind>
<StgValue><ssdm name="empty"/></StgValue>
</bind>
</comp>

<comp id="12" class="1001" name="const_12">
<pin_list>
<pin id="13" dir="1" index="0" bw="1" slack="0"/>
</pin_list>
<bind>
<StgValue><ssdm name=""/></StgValue>
</bind>
</comp>

<comp id="14" class="1001" name="const_14">
<pin_list>
<pin id="15" dir="1" index="0" bw="1" slack="2147483647"/>
</pin_list>
<bind>
<StgValue><ssdm name="empty_0"/></StgValue>
</bind>
</comp>

<comp id="16" class="1001" name="const_16">
<pin_list>
<pin id="17" dir="1" index="0" bw="1" slack="2147483647"/>
</pin_list>
<bind>
<StgValue><ssdm name=""/></StgValue>
</bind>
</comp>

<comp id="18" class="1001" name="const_18">
<pin_list>
<pin id="19" dir="1" index="0" bw="1" slack="2147483647"/>
</pin_list>
<bind>
<StgValue><ssdm name="empty_2"/></StgValue>
</bind>
</comp>

<comp id="20" class="1001" name="const_20">
<pin_list>
<pin id="21" dir="1" index="0" bw="1" slack="0"/>
</pin_list>
<bind>
<StgValue><ssdm name="_ssdm_op_Read.ap_auto.i32"/></StgValue>
</bind>
</comp>

<comp id="22" class="1001" name="const_22">
<pin_list>
<pin id="23" dir="1" index="0" bw="1" slack="0"/>
</pin_list>
<bind>
<StgValue><ssdm name=""/></StgValue>
</bind>
</comp>

<comp id="24" class="1001" name="const_24">
<pin_list>
<pin id="25" dir="1" index="0" bw="1" slack="2147483647"/>
</pin_list>
<bind>
<StgValue><ssdm name="_ssdm_op_SpecPipeline"/></StgValue>
</bind>
</comp>

<comp id="26" class="1001" name="const_26">
<pin_list>
<pin id="27" dir="1" index="0" bw="1" slack="2147483647"/>
</pin_list>
<bind>
<StgValue><ssdm name="_ssdm_op_SpecLoopName"/></StgValue>
</bind>
</comp>

<comp id="28" class="1001" name="const_28">
<pin_list>
<pin id="29" dir="1" index="0" bw="1" slack="2147483647"/>
</pin_list>
<bind>
<StgValue><ssdm name="empty_8"/></StgValue>
</bind>
</comp>

<comp id="30" class="1001" name="const_30">
<pin_list>
<pin id="31" dir="1" index="0" bw="1" slack="0"/>
</pin_list>
<bind>
<StgValue><ssdm name="_ssdm_op_Write.ap_fifo.volatile.i32P0A"/></StgValue>
</bind>
</comp>

<comp id="32" class="1004" name="i_fu_32">
<pin_list>
<pin id="33" dir="0" index="0" bw="1" slack="0"/>
<pin id="34" dir="1" index="1" bw="32" slack="0"/>
</pin_list>
<bind>
<opcode="alloca(26) " fcode="alloca"/>
<opset="i/1 "/>
</bind>
</comp>

<comp id="36" class="1004" name="row_size_read_read_fu_36">
<pin_list>
<pin id="37" dir="0" index="0" bw="32" slack="0"/>
<pin id="38" dir="0" index="1" bw="32" slack="0"/>
<pin id="39" dir="1" index="2" bw="32" slack="0"/>
</pin_list>
<bind>
<opcode="read(1150) " fcode="read"/>
<opset="row_size_read/1 "/>
</bind>
</comp>

<comp id="42" class="1004" name="write_ln174_write_fu_42">
<pin_list>
<pin id="43" dir="0" index="0" bw="0" slack="0"/>
<pin id="44" dir="0" index="1" bw="32" slack="0"/>
<pin id="45" dir="0" index="2" bw="32" slack="0"/>
<pin id="46" dir="1" index="3" bw="0" slack="2147483647"/>
</pin_list>
<bind>
<opcode="write(1151) " fcode="write"/>
<opset="write_ln174/2 "/>
</bind>
</comp>

<comp id="49" class="1004" name="rows_addr_gep_fu_49">
<pin_list>
<pin id="50" dir="0" index="0" bw="32" slack="0"/>
<pin id="51" dir="0" index="1" bw="1" slack="0"/>
<pin id="52" dir="0" index="2" bw="32" slack="0"/>
<pin id="53" dir="1" index="3" bw="2" slack="0"/>
</pin_list>
<bind>
<opcode="getelementptr(29) " fcode="getelementptr"/>
<opset="rows_addr/1 "/>
</bind>
</comp>

<comp id="56" class="1004" name="grp_access_fu_56">
<pin_list>
<pin id="57" dir="0" index="0" bw="2" slack="0"/>
<pin id="58" dir="0" index="1" bw="32" slack="2147483647"/>
<pin id="59" dir="0" index="2" bw="0" slack="2147483647"/>
<pin id="60" dir="1" index="3" bw="32" slack="0"/>
</pin_list>
<bind>
<opcode="load(27) " fcode="load"/>
<opset="rows_load/1 "/>
</bind>
</comp>

<comp id="63" class="1004" name="store_ln0_store_fu_63">
<pin_list>
<pin id="64" dir="0" index="0" bw="1" slack="0"/>
<pin id="65" dir="0" index="1" bw="32" slack="0"/>
<pin id="66" dir="1" index="2" bw="0" slack="2147483647"/>
</pin_list>
<bind>
<opcode="store(28) " fcode="store"/>
<opset="store_ln0/1 "/>
</bind>
</comp>

<comp id="68" class="1004" name="i_3_load_fu_68">
<pin_list>
<pin id="69" dir="0" index="0" bw="32" slack="0"/>
<pin id="70" dir="1" index="1" bw="32" slack="0"/>
</pin_list>
<bind>
<opcode="load(27) " fcode="load"/>
<opset="i_3/1 "/>
</bind>
</comp>

<comp id="71" class="1004" name="icmp_ln30_fu_71">
<pin_list>
<pin id="72" dir="0" index="0" bw="32" slack="0"/>
<pin id="73" dir="0" index="1" bw="32" slack="0"/>
<pin id="74" dir="1" index="2" bw="1" slack="2147483647"/>
</pin_list>
<bind>
<opcode="icmp(45) " fcode="icmp"/>
<opset="icmp_ln30/1 "/>
</bind>
</comp>

<comp id="77" class="1004" name="add_ln30_fu_77">
<pin_list>
<pin id="78" dir="0" index="0" bw="32" slack="0"/>
<pin id="79" dir="0" index="1" bw="1" slack="0"/>
<pin id="80" dir="1" index="2" bw="32" slack="0"/>
</pin_list>
<bind>
<opcode="add(8) " fcode="add"/>
<opset="add_ln30/1 "/>
</bind>
</comp>

<comp id="83" class="1004" name="zext_ln29_fu_83">
<pin_list>
<pin id="84" dir="0" index="0" bw="32" slack="0"/>
<pin id="85" dir="1" index="1" bw="64" slack="0"/>
</pin_list>
<bind>
<opcode="zext(34) " fcode="zext"/>
<opset="zext_ln29/1 "/>
</bind>
</comp>

<comp id="88" class="1004" name="store_ln30_store_fu_88">
<pin_list>
<pin id="89" dir="0" index="0" bw="32" slack="0"/>
<pin id="90" dir="0" index="1" bw="32" slack="0"/>
<pin id="91" dir="1" index="2" bw="0" slack="2147483647"/>
</pin_list>
<bind>
<opcode="store(28) " fcode="store"/>
<opset="store_ln30/1 "/>
</bind>
</comp>

<comp id="93" class="1005" name="i_reg_93">
<pin_list>
<pin id="94" dir="0" index="0" bw="32" slack="0"/>
<pin id="95" dir="1" index="1" bw="32" slack="0"/>
</pin_list>
<bind>
<opset="i "/>
</bind>
</comp>

<comp id="103" class="1005" name="rows_addr_reg_103">
<pin_list>
<pin id="104" dir="0" index="0" bw="2" slack="1"/>
<pin id="105" dir="1" index="1" bw="2" slack="1"/>
</pin_list>
<bind>
<opset="rows_addr "/>
</bind>
</comp>

</comp_list>

<net_list>
<net id="35"><net_src comp="6" pin="0"/><net_sink comp="32" pin=0"/></net>

<net id="40"><net_src comp="20" pin="0"/><net_sink comp="36" pin=0"/></net>

<net id="41"><net_src comp="0" pin="0"/><net_sink comp="36" pin=1"/></net>

<net id="47"><net_src comp="30" pin="0"/><net_sink comp="42" pin=0"/></net>

<net id="48"><net_src comp="4" pin="0"/><net_sink comp="42" pin=1"/></net>

<net id="54"><net_src comp="2" pin="0"/><net_sink comp="49" pin=0"/></net>

<net id="55"><net_src comp="22" pin="0"/><net_sink comp="49" pin=1"/></net>

<net id="61"><net_src comp="56" pin="3"/><net_sink comp="42" pin=2"/></net>

<net id="62"><net_src comp="49" pin="3"/><net_sink comp="56" pin=0"/></net>

<net id="67"><net_src comp="12" pin="0"/><net_sink comp="63" pin=0"/></net>

<net id="75"><net_src comp="68" pin="1"/><net_sink comp="71" pin=0"/></net>

<net id="76"><net_src comp="36" pin="2"/><net_sink comp="71" pin=1"/></net>

<net id="81"><net_src comp="68" pin="1"/><net_sink comp="77" pin=0"/></net>

<net id="82"><net_src comp="6" pin="0"/><net_sink comp="77" pin=1"/></net>

<net id="86"><net_src comp="68" pin="1"/><net_sink comp="83" pin=0"/></net>

<net id="87"><net_src comp="83" pin="1"/><net_sink comp="49" pin=2"/></net>

<net id="92"><net_src comp="77" pin="2"/><net_sink comp="88" pin=0"/></net>

<net id="96"><net_src comp="32" pin="1"/><net_sink comp="93" pin=0"/></net>

<net id="97"><net_src comp="93" pin="1"/><net_sink comp="63" pin=1"/></net>

<net id="98"><net_src comp="93" pin="1"/><net_sink comp="68" pin=0"/></net>

<net id="99"><net_src comp="93" pin="1"/><net_sink comp="88" pin=1"/></net>

<net id="106"><net_src comp="49" pin="3"/><net_sink comp="103" pin=0"/></net>

<net id="107"><net_src comp="103" pin="1"/><net_sink comp="56" pin=0"/></net>

</net_list>

</model> 
---------------- Datapath Model END ------------------

* FSMD analyzer results:
  - Output states:
	Port: rows | {}
	Port: rows_fifo | {2 }
 - Input state : 
	Port: spvm_kernel_Loop_VITIS_LOOP_30_1_proc2_Pipeline_VITIS_LOOP_30_1 : row_size | {1 }
	Port: spvm_kernel_Loop_VITIS_LOOP_30_1_proc2_Pipeline_VITIS_LOOP_30_1 : rows | {1 2 }
	Port: spvm_kernel_Loop_VITIS_LOOP_30_1_proc2_Pipeline_VITIS_LOOP_30_1 : rows_fifo | {}
  - Chain level:
	State 1
		store_ln0 : 1
		i_3 : 1
		icmp_ln30 : 2
		add_ln30 : 2
		br_ln30 : 3
		zext_ln29 : 2
		rows_addr : 3
		rows_load : 4
		store_ln30 : 3
	State 2
		write_ln174 : 1


============================================================
+ Verbose Summary: Datapath Resource usage 
============================================================

* Functional unit list:
|----------|--------------------------|---------|---------|
| Operation|      Functional Unit     |    FF   |   LUT   |
|----------|--------------------------|---------|---------|
|    add   |      add_ln30_fu_77      |    0    |    39   |
|----------|--------------------------|---------|---------|
|   icmp   |      icmp_ln30_fu_71     |    0    |    18   |
|----------|--------------------------|---------|---------|
|   read   | row_size_read_read_fu_36 |    0    |    0    |
|----------|--------------------------|---------|---------|
|   write  |  write_ln174_write_fu_42 |    0    |    0    |
|----------|--------------------------|---------|---------|
|   zext   |      zext_ln29_fu_83     |    0    |    0    |
|----------|--------------------------|---------|---------|
|   Total  |                          |    0    |    57   |
|----------|--------------------------|---------|---------|

Memories:
N/A

* Register list:
+-----------------+--------+
|                 |   FF   |
+-----------------+--------+
|     i_reg_93    |   32   |
|rows_addr_reg_103|    2   |
+-----------------+--------+
|      Total      |   34   |
+-----------------+--------+

* Multiplexer (MUX) list: 
|------------------|------|------|------|--------||---------||---------|
|       Comp       |  Pin | Size |  BW  | S x BW ||  Delay  ||   LUT   |
|------------------|------|------|------|--------||---------||---------|
| grp_access_fu_56 |  p0  |   2  |   2  |    4   ||    9    |
|------------------|------|------|------|--------||---------||---------|
|       Total      |      |      |      |    4   ||  1.588  ||    9    |
|------------------|------|------|------|--------||---------||---------|



* Summary:
+-----------+--------+--------+--------+
|           |  Delay |   FF   |   LUT  |
+-----------+--------+--------+--------+
|  Function |    -   |    0   |   57   |
|   Memory  |    -   |    -   |    -   |
|Multiplexer|    1   |    -   |    9   |
|  Register |    -   |   34   |    -   |
+-----------+--------+--------+--------+
|   Total   |    1   |   34   |   66   |
+-----------+--------+--------+--------+
