

================================================================
== Vitis HLS Report for 'spvm_kernel_Loop_VITIS_LOOP_30_1_proc2_Pipeline_VITIS_LOOP_30_1'
================================================================
* Date:           Fri Oct 21 20:04:44 2022

* Version:        2022.1 (Build 3526262 on Mon Apr 18 15:48:16 MDT 2022)
* Project:        proj3
* Solution:       solution1 (Vivado IP Flow Target)
* Product family: zynq
* Target device:  xc7z020-clg400-1


================================================================
== Performance Estimates
================================================================
+ Timing: 
    * Summary: 
    +--------+----------+----------+------------+
    |  Clock |  Target  | Estimated| Uncertainty|
    +--------+----------+----------+------------+
    |ap_clk  |  10.00 ns|  5.956 ns|     2.70 ns|
    +--------+----------+----------+------------+

+ Latency: 
    * Summary: 
    +---------+---------+----------+----------+-----+-----+---------+
    |  Latency (cycles) |  Latency (absolute) |  Interval | Pipeline|
    |   min   |   max   |    min   |    max   | min | max |   Type  |
    +---------+---------+----------+----------+-----+-----+---------+
    |        ?|        ?|         ?|         ?|    ?|    ?|       no|
    +---------+---------+----------+----------+-----+-----+---------+

    + Detail: 
        * Instance: 
        N/A

        * Loop: 
        +-------------------+---------+---------+----------+-----------+-----------+------+----------+
        |                   |  Latency (cycles) | Iteration|  Initiation Interval  | Trip |          |
        |     Loop Name     |   min   |   max   |  Latency |  achieved |   target  | Count| Pipelined|
        +-------------------+---------+---------+----------+-----------+-----------+------+----------+
        |- VITIS_LOOP_30_1  |        ?|        ?|         2|          1|          1|     ?|       yes|
        +-------------------+---------+---------+----------+-----------+-----------+------+----------+



================================================================
== Utilization Estimates
================================================================
* Summary: 
+-----------------+---------+-----+--------+-------+-----+
|       Name      | BRAM_18K| DSP |   FF   |  LUT  | URAM|
+-----------------+---------+-----+--------+-------+-----+
|DSP              |        -|    -|       -|      -|    -|
|Expression       |        -|    -|       0|     61|    -|
|FIFO             |        -|    -|       -|      -|    -|
|Instance         |        -|    -|       -|      -|    -|
|Memory           |        -|    -|       -|      -|    -|
|Multiplexer      |        -|    -|       -|     45|    -|
|Register         |        -|    -|      35|      -|    -|
+-----------------+---------+-----+--------+-------+-----+
|Total            |        0|    0|      35|    106|    0|
+-----------------+---------+-----+--------+-------+-----+
|Available        |      280|  220|  106400|  53200|    0|
+-----------------+---------+-----+--------+-------+-----+
|Utilization (%)  |        0|    0|      ~0|     ~0|    0|
+-----------------+---------+-----+--------+-------+-----+

+ Detail: 
    * Instance: 
    N/A

    * DSP: 
    N/A

    * Memory: 
    N/A

    * FIFO: 
    N/A

    * Expression: 
    +---------------------------+----------+----+---+----+------------+------------+
    |       Variable Name       | Operation| DSP| FF| LUT| Bitwidth P0| Bitwidth P1|
    +---------------------------+----------+----+---+----+------------+------------+
    |add_ln30_fu_77_p2          |         +|   0|  0|  39|          32|           1|
    |ap_block_pp0_stage0_01001  |       and|   0|  0|   2|           1|           1|
    |icmp_ln30_fu_71_p2         |      icmp|   0|  0|  18|          32|          32|
    |ap_enable_pp0              |       xor|   0|  0|   2|           1|           2|
    +---------------------------+----------+----+---+----+------------+------------+
    |Total                      |          |   0|  0|  61|          66|          36|
    +---------------------------+----------+----+---+----+------------+------------+

    * Multiplexer: 
    +-------------------------+----+-----------+-----+-----------+
    |           Name          | LUT| Input Size| Bits| Total Bits|
    +-------------------------+----+-----------+-----+-----------+
    |ap_done_int              |   9|          2|    1|          2|
    |ap_enable_reg_pp0_iter1  |   9|          2|    1|          2|
    |ap_sig_allocacmp_i_3     |   9|          2|   32|         64|
    |i_fu_32                  |   9|          2|   32|         64|
    |rows_fifo_blk_n          |   9|          2|    1|          2|
    +-------------------------+----+-----------+-----+-----------+
    |Total                    |  45|         10|   67|        134|
    +-------------------------+----+-----------+-----+-----------+

    * Register: 
    +-------------------------+----+----+-----+-----------+
    |           Name          | FF | LUT| Bits| Const Bits|
    +-------------------------+----+----+-----+-----------+
    |ap_CS_fsm                |   1|   0|    1|          0|
    |ap_done_reg              |   1|   0|    1|          0|
    |ap_enable_reg_pp0_iter1  |   1|   0|    1|          0|
    |i_fu_32                  |  32|   0|   32|          0|
    +-------------------------+----+----+-----+-----------+
    |Total                    |  35|   0|   35|          0|
    +-------------------------+----+----+-----+-----------+



================================================================
== Interface
================================================================
* Summary: 
+--------------------------+-----+-----+------------+-----------------------------------------------------------------+--------------+
|         RTL Ports        | Dir | Bits|  Protocol  |                          Source Object                          |    C Type    |
+--------------------------+-----+-----+------------+-----------------------------------------------------------------+--------------+
|ap_clk                    |   in|    1|  ap_ctrl_hs|  spvm_kernel_Loop_VITIS_LOOP_30_1_proc2_Pipeline_VITIS_LOOP_30_1|  return value|
|ap_rst                    |   in|    1|  ap_ctrl_hs|  spvm_kernel_Loop_VITIS_LOOP_30_1_proc2_Pipeline_VITIS_LOOP_30_1|  return value|
|ap_start                  |   in|    1|  ap_ctrl_hs|  spvm_kernel_Loop_VITIS_LOOP_30_1_proc2_Pipeline_VITIS_LOOP_30_1|  return value|
|ap_done                   |  out|    1|  ap_ctrl_hs|  spvm_kernel_Loop_VITIS_LOOP_30_1_proc2_Pipeline_VITIS_LOOP_30_1|  return value|
|ap_idle                   |  out|    1|  ap_ctrl_hs|  spvm_kernel_Loop_VITIS_LOOP_30_1_proc2_Pipeline_VITIS_LOOP_30_1|  return value|
|ap_ready                  |  out|    1|  ap_ctrl_hs|  spvm_kernel_Loop_VITIS_LOOP_30_1_proc2_Pipeline_VITIS_LOOP_30_1|  return value|
|rows_fifo_din             |  out|   32|     ap_fifo|                                                        rows_fifo|       pointer|
|rows_fifo_num_data_valid  |   in|    2|     ap_fifo|                                                        rows_fifo|       pointer|
|rows_fifo_fifo_cap        |   in|    2|     ap_fifo|                                                        rows_fifo|       pointer|
|rows_fifo_full_n          |   in|    1|     ap_fifo|                                                        rows_fifo|       pointer|
|rows_fifo_write           |  out|    1|     ap_fifo|                                                        rows_fifo|       pointer|
|row_size                  |   in|   32|     ap_none|                                                         row_size|        scalar|
|rows_address0             |  out|    2|   ap_memory|                                                             rows|         array|
|rows_ce0                  |  out|    1|   ap_memory|                                                             rows|         array|
|rows_q0                   |   in|   32|   ap_memory|                                                             rows|         array|
+--------------------------+-----+-----+------------+-----------------------------------------------------------------+--------------+

