

================================================================
== Vitis HLS Report for 'spmv'
================================================================
* Date:           Fri Oct 21 20:27:00 2022

* Version:        2022.1 (Build 3526262 on Mon Apr 18 15:48:16 MDT 2022)
* Project:        spmv_base
* Solution:       solution1 (Vivado IP Flow Target)
* Product family: zynq
* Target device:  xc7z020-clg400-1


================================================================
== Performance Estimates
================================================================
+ Timing: 
    * Summary: 
    +--------+----------+----------+------------+
    |  Clock |  Target  | Estimated| Uncertainty|
    +--------+----------+----------+------------+
    |ap_clk  |  10.00 ns|  7.274 ns|     2.70 ns|
    +--------+----------+----------+------------+

+ Latency: 
    * Summary: 
    +---------+---------+----------+----------+-----+-----+---------+
    |  Latency (cycles) |  Latency (absolute) |  Interval | Pipeline|
    |   min   |   max   |    min   |    max   | min | max |   Type  |
    +---------+---------+----------+----------+-----+-----+---------+
    |        ?|        ?|         ?|         ?|    ?|    ?|       no|
    +---------+---------+----------+----------+-----+-----+---------+

    + Detail: 
        * Instance: 
        +-----------------------------+------------------+---------+---------+----------+----------+-----+-----+---------+
        |                             |                  |  Latency (cycles) |  Latency (absolute) |  Interval | Pipeline|
        |           Instance          |      Module      |   min   |   max   |    min   |    max   | min | max |   Type  |
        +-----------------------------+------------------+---------+---------+----------+----------+-----+-----+---------+
        |grp_spmv_Pipeline_L2_fu_158  |spmv_Pipeline_L2  |        ?|        ?|         ?|         ?|    ?|    ?|       no|
        +-----------------------------+------------------+---------+---------+----------+----------+-----+-----+---------+

        * Loop: 
        +----------+---------+---------+----------+-----------+-----------+------+----------+
        |          |  Latency (cycles) | Iteration|  Initiation Interval  | Trip |          |
        | Loop Name|   min   |   max   |  Latency |  achieved |   target  | Count| Pipelined|
        +----------+---------+---------+----------+-----------+-----------+------+----------+
        |- L1      |        ?|        ?|         ?|          -|          -|     4|        no|
        +----------+---------+---------+----------+-----------+-----------+------+----------+



================================================================
== Utilization Estimates
================================================================
* Summary: 
+-----------------+---------+-----+--------+-------+-----+
|       Name      | BRAM_18K| DSP |   FF   |  LUT  | URAM|
+-----------------+---------+-----+--------+-------+-----+
|DSP              |        -|    -|       -|      -|    -|
|Expression       |        -|    -|       0|    314|    -|
|FIFO             |        -|    -|       -|      -|    -|
|Instance         |        0|    5|    1665|   2733|    -|
|Memory           |        -|    -|       -|      -|    -|
|Multiplexer      |        -|    -|       -|     60|    -|
|Register         |        -|    -|     338|      -|    -|
+-----------------+---------+-----+--------+-------+-----+
|Total            |        0|    5|    2003|   3107|    0|
+-----------------+---------+-----+--------+-------+-----+
|Available        |      280|  220|  106400|  53200|    0|
+-----------------+---------+-----+--------+-------+-----+
|Utilization (%)  |        0|    2|       1|      5|    0|
+-----------------+---------+-----+--------+-------+-----+

+ Detail: 
    * Instance: 
    +-----------------------------+------------------+---------+----+------+------+-----+
    |           Instance          |      Module      | BRAM_18K| DSP|  FF  |  LUT | URAM|
    +-----------------------------+------------------+---------+----+------+------+-----+
    |control_s_axi_U              |control_s_axi     |        0|   0|   436|   407|    0|
    |grp_spmv_Pipeline_L2_fu_158  |spmv_Pipeline_L2  |        0|   5|  1229|  2326|    0|
    +-----------------------------+------------------+---------+----+------+------+-----+
    |Total                        |                  |        0|   5|  1665|  2733|    0|
    +-----------------------------+------------------+---------+----+------+------+-----+

    * DSP: 
    N/A

    * Memory: 
    N/A

    * FIFO: 
    N/A

    * Expression: 
    +----------------------------+----------+----+---+----+------------+------------+
    |        Variable Name       | Operation| DSP| FF| LUT| Bitwidth P0| Bitwidth P1|
    +----------------------------+----------+----+---+----+------------+------------+
    |empty_16_fu_224_p2          |         +|   0|  0|  13|           5|           3|
    |indvars_iv_next6_fu_193_p2  |         +|   0|  0|  11|           3|           1|
    |empty_17_fu_269_p2          |      icmp|   0|  0|   8|           3|           1|
    |empty_19_fu_282_p2          |      icmp|   0|  0|   8|           3|           1|
    |empty_21_fu_295_p2          |      icmp|   0|  0|   8|           3|           2|
    |empty_23_fu_308_p2          |      icmp|   0|  0|   8|           3|           2|
    |empty_25_fu_321_p2          |      icmp|   0|  0|   9|           3|           4|
    |empty_27_fu_334_p2          |      icmp|   0|  0|   8|           3|           3|
    |empty_29_fu_347_p2          |      icmp|   0|  0|   8|           3|           3|
    |icmp_ln16_fu_187_p2         |      icmp|   0|  0|   9|           3|           4|
    |empty_18_fu_274_p3          |    select|   0|  0|  32|           1|          32|
    |empty_20_fu_287_p3          |    select|   0|  0|  32|           1|          32|
    |empty_22_fu_300_p3          |    select|   0|  0|  32|           1|          32|
    |empty_24_fu_313_p3          |    select|   0|  0|  32|           1|          32|
    |empty_26_fu_326_p3          |    select|   0|  0|  32|           1|          32|
    |empty_28_fu_339_p3          |    select|   0|  0|  32|           1|          32|
    |y0_lcssa_fu_352_p3          |    select|   0|  0|  32|           1|          32|
    +----------------------------+----------+----+---+----+------------+------------+
    |Total                       |          |   0|  0| 314|          39|         248|
    +----------------------------+----------+----+---+----+------------+------------+

    * Multiplexer: 
    +-----------------+----+-----------+-----+-----------+
    |       Name      | LUT| Input Size| Bits| Total Bits|
    +-----------------+----+-----------+-----+-----------+
    |ap_NS_fsm        |  37|          7|    1|          7|
    |i_fu_88          |   9|          2|    3|          6|
    |rowPtr_address0  |  14|          3|    3|          9|
    +-----------------+----+-----------+-----+-----------+
    |Total            |  60|         12|    7|         22|
    +-----------------+----+-----------+-----+-----------+

    * Register: 
    +------------------------------------------+----+----+-----+-----------+
    |                   Name                   | FF | LUT| Bits| Const Bits|
    +------------------------------------------+----+----+-----+-----------+
    |ap_CS_fsm                                 |   6|   0|    6|          0|
    |grp_spmv_Pipeline_L2_fu_158_ap_start_reg  |   1|   0|    1|          0|
    |i_fu_88                                   |   3|   0|    3|          0|
    |k_reg_438                                 |  32|   0|   32|          0|
    |rowPtr_load_reg_448                       |  32|   0|   32|          0|
    |targetBlock_reg_453                       |   3|   0|    3|          0|
    |trunc_ln18_reg_428                        |   2|   0|    2|          0|
    |y0_0_loc_fu_120                           |  32|   0|   32|          0|
    |y0_1_1_loc_fu_96                          |  32|   0|   32|          0|
    |y0_1_2_loc_fu_100                         |  32|   0|   32|          0|
    |y0_1_3_loc_fu_104                         |  32|   0|   32|          0|
    |y0_1_4_loc_fu_108                         |  32|   0|   32|          0|
    |y0_1_5_loc_fu_112                         |  32|   0|   32|          0|
    |y0_1_6_loc_fu_116                         |  32|   0|   32|          0|
    |y0_1_loc_fu_92                            |  32|   0|   32|          0|
    |zext_ln16_reg_423                         |   3|   0|   64|         61|
    +------------------------------------------+----+----+-----+-----------+
    |Total                                     | 338|   0|  399|         61|
    +------------------------------------------+----+----+-----+-----------+



================================================================
== Interface
================================================================
* Summary: 
+-----------------------+-----+-----+------------+--------------+--------------+
|       RTL Ports       | Dir | Bits|  Protocol  | Source Object|    C Type    |
+-----------------------+-----+-----+------------+--------------+--------------+
|s_axi_control_AWVALID  |   in|    1|       s_axi|       control|         array|
|s_axi_control_AWREADY  |  out|    1|       s_axi|       control|         array|
|s_axi_control_AWADDR   |   in|    8|       s_axi|       control|         array|
|s_axi_control_WVALID   |   in|    1|       s_axi|       control|         array|
|s_axi_control_WREADY   |  out|    1|       s_axi|       control|         array|
|s_axi_control_WDATA    |   in|   32|       s_axi|       control|         array|
|s_axi_control_WSTRB    |   in|    4|       s_axi|       control|         array|
|s_axi_control_ARVALID  |   in|    1|       s_axi|       control|         array|
|s_axi_control_ARREADY  |  out|    1|       s_axi|       control|         array|
|s_axi_control_ARADDR   |   in|    8|       s_axi|       control|         array|
|s_axi_control_RVALID   |  out|    1|       s_axi|       control|         array|
|s_axi_control_RREADY   |   in|    1|       s_axi|       control|         array|
|s_axi_control_RDATA    |  out|   32|       s_axi|       control|         array|
|s_axi_control_RRESP    |  out|    2|       s_axi|       control|         array|
|s_axi_control_BVALID   |  out|    1|       s_axi|       control|         array|
|s_axi_control_BREADY   |   in|    1|       s_axi|       control|         array|
|s_axi_control_BRESP    |  out|    2|       s_axi|       control|         array|
|ap_clk                 |   in|    1|  ap_ctrl_hs|          spmv|  return value|
|ap_rst_n               |   in|    1|  ap_ctrl_hs|          spmv|  return value|
|interrupt              |  out|    1|  ap_ctrl_hs|          spmv|  return value|
+-----------------------+-----+-----+------------+--------------+--------------+

============================================================
+ Verbose Summary: Synthesis Manager
============================================================
InlineROM: 1
ExposeGlobal: 0
============================================================
+ Verbose Summary: CDFG Model
============================================================
IsTopModel: 1
ResetActiveHigh: 1
IsCombinational: 2
IsDatapathOnly: 2
HasWiredReturn: 1
HasMFsm: 0
HasVarLatency: 1
IsPipeline: 0
IsRtlPipelined: 0
IsInstanceOverlapped: 0
IsDontTouch: 0
HasImplIP: 0
IsGatedGlobalClock: 0


============================================================
+ Verbose Summary: Schedule
============================================================
* Number of FSM states : 6
* Pipeline : 0
* Dataflow Pipeline: 0

* FSM state transitions: 
1 --> 2 
2 --> 3 
3 --> 4 
4 --> 5 
5 --> 6 
6 --> 2 

* FSM state operations: 

State 1 <SV = 0> <Delay = 1.58>
ST_1 : Operation 7 [1/1] (0.00ns)   --->   "%i = alloca i32 1"   --->   Operation 7 'alloca' 'i' <Predicate = true> <Delay = 0.00>
ST_1 : Operation 8 [1/1] (0.00ns)   --->   "%y0_1_loc = alloca i64 1"   --->   Operation 8 'alloca' 'y0_1_loc' <Predicate = true> <Delay = 0.00>
ST_1 : Operation 9 [1/1] (0.00ns)   --->   "%y0_1_1_loc = alloca i64 1"   --->   Operation 9 'alloca' 'y0_1_1_loc' <Predicate = true> <Delay = 0.00>
ST_1 : Operation 10 [1/1] (0.00ns)   --->   "%y0_1_2_loc = alloca i64 1"   --->   Operation 10 'alloca' 'y0_1_2_loc' <Predicate = true> <Delay = 0.00>
ST_1 : Operation 11 [1/1] (0.00ns)   --->   "%y0_1_3_loc = alloca i64 1"   --->   Operation 11 'alloca' 'y0_1_3_loc' <Predicate = true> <Delay = 0.00>
ST_1 : Operation 12 [1/1] (0.00ns)   --->   "%y0_1_4_loc = alloca i64 1"   --->   Operation 12 'alloca' 'y0_1_4_loc' <Predicate = true> <Delay = 0.00>
ST_1 : Operation 13 [1/1] (0.00ns)   --->   "%y0_1_5_loc = alloca i64 1"   --->   Operation 13 'alloca' 'y0_1_5_loc' <Predicate = true> <Delay = 0.00>
ST_1 : Operation 14 [1/1] (0.00ns)   --->   "%y0_1_6_loc = alloca i64 1"   --->   Operation 14 'alloca' 'y0_1_6_loc' <Predicate = true> <Delay = 0.00>
ST_1 : Operation 15 [1/1] (0.00ns)   --->   "%y0_0_loc = alloca i64 1"   --->   Operation 15 'alloca' 'y0_0_loc' <Predicate = true> <Delay = 0.00>
ST_1 : Operation 16 [1/1] (0.00ns)   --->   "%spectopmodule_ln4 = spectopmodule void @_ssdm_op_SpecTopModule, void @empty_8" [spmv_base/spmv.cpp:4]   --->   Operation 16 'spectopmodule' 'spectopmodule_ln4' <Predicate = true> <Delay = 0.00>
ST_1 : Operation 17 [1/1] (0.00ns)   --->   "%specinterface_ln0 = specinterface void @_ssdm_op_SpecInterface, i32 %rowPtr, void @empty, i32 0, i32 0, void @empty_0, i32 0, i32 0, void @empty_1, void @empty_2, void @empty_0, i32 0, i32 0, i32 0, i32 0, void @empty_0, void @empty_0, i32 4294967295, i32 0"   --->   Operation 17 'specinterface' 'specinterface_ln0' <Predicate = true> <Delay = 0.00>
ST_1 : Operation 18 [1/1] (0.00ns)   --->   "%specinterface_ln0 = specinterface void @_ssdm_op_SpecInterface, i32 %rowPtr, void @empty_3, i32 0, i32 0, void @empty_0, i32 1, i32 0, void @empty_0, void @empty_0, void @empty_0, i32 0, i32 0, i32 0, i32 0, void @empty_0, void @empty_0, i32 4294967295, i32 0"   --->   Operation 18 'specinterface' 'specinterface_ln0' <Predicate = true> <Delay = 0.00>
ST_1 : Operation 19 [1/1] (0.00ns)   --->   "%specmemcore_ln0 = specmemcore void @_ssdm_op_SpecMemCore, i32 %rowPtr, i64 666, i64 207, i64 1"   --->   Operation 19 'specmemcore' 'specmemcore_ln0' <Predicate = true> <Delay = 0.00>
ST_1 : Operation 20 [1/1] (0.00ns)   --->   "%specbitsmap_ln0 = specbitsmap void @_ssdm_op_SpecBitsMap, i32 %rowPtr"   --->   Operation 20 'specbitsmap' 'specbitsmap_ln0' <Predicate = true> <Delay = 0.00>
ST_1 : Operation 21 [1/1] (0.00ns)   --->   "%specinterface_ln0 = specinterface void @_ssdm_op_SpecInterface, i32 %columnIndex, void @empty, i32 0, i32 0, void @empty_0, i32 0, i32 0, void @empty_1, void @empty_4, void @empty_0, i32 0, i32 0, i32 0, i32 0, void @empty_0, void @empty_0, i32 4294967295, i32 0"   --->   Operation 21 'specinterface' 'specinterface_ln0' <Predicate = true> <Delay = 0.00>
ST_1 : Operation 22 [1/1] (0.00ns)   --->   "%specinterface_ln0 = specinterface void @_ssdm_op_SpecInterface, i32 %columnIndex, void @empty_3, i32 0, i32 0, void @empty_0, i32 1, i32 0, void @empty_0, void @empty_0, void @empty_0, i32 0, i32 0, i32 0, i32 0, void @empty_0, void @empty_0, i32 4294967295, i32 0"   --->   Operation 22 'specinterface' 'specinterface_ln0' <Predicate = true> <Delay = 0.00>
ST_1 : Operation 23 [1/1] (0.00ns)   --->   "%specmemcore_ln0 = specmemcore void @_ssdm_op_SpecMemCore, i32 %columnIndex, i64 666, i64 207, i64 1"   --->   Operation 23 'specmemcore' 'specmemcore_ln0' <Predicate = true> <Delay = 0.00>
ST_1 : Operation 24 [1/1] (0.00ns)   --->   "%specbitsmap_ln0 = specbitsmap void @_ssdm_op_SpecBitsMap, i32 %columnIndex"   --->   Operation 24 'specbitsmap' 'specbitsmap_ln0' <Predicate = true> <Delay = 0.00>
ST_1 : Operation 25 [1/1] (0.00ns)   --->   "%specinterface_ln0 = specinterface void @_ssdm_op_SpecInterface, i32 %values, void @empty, i32 0, i32 0, void @empty_0, i32 0, i32 0, void @empty_1, void @empty_5, void @empty_0, i32 0, i32 0, i32 0, i32 0, void @empty_0, void @empty_0, i32 4294967295, i32 0"   --->   Operation 25 'specinterface' 'specinterface_ln0' <Predicate = true> <Delay = 0.00>
ST_1 : Operation 26 [1/1] (0.00ns)   --->   "%specinterface_ln0 = specinterface void @_ssdm_op_SpecInterface, i32 %values, void @empty_3, i32 0, i32 0, void @empty_0, i32 1, i32 0, void @empty_0, void @empty_0, void @empty_0, i32 0, i32 0, i32 0, i32 0, void @empty_0, void @empty_0, i32 4294967295, i32 0"   --->   Operation 26 'specinterface' 'specinterface_ln0' <Predicate = true> <Delay = 0.00>
ST_1 : Operation 27 [1/1] (0.00ns)   --->   "%specmemcore_ln0 = specmemcore void @_ssdm_op_SpecMemCore, i32 %values, i64 666, i64 207, i64 1"   --->   Operation 27 'specmemcore' 'specmemcore_ln0' <Predicate = true> <Delay = 0.00>
ST_1 : Operation 28 [1/1] (0.00ns)   --->   "%specbitsmap_ln0 = specbitsmap void @_ssdm_op_SpecBitsMap, i32 %values"   --->   Operation 28 'specbitsmap' 'specbitsmap_ln0' <Predicate = true> <Delay = 0.00>
ST_1 : Operation 29 [1/1] (0.00ns)   --->   "%specinterface_ln0 = specinterface void @_ssdm_op_SpecInterface, i32 %y, void @empty, i32 0, i32 0, void @empty_0, i32 0, i32 0, void @empty_1, void @empty_6, void @empty_0, i32 0, i32 0, i32 0, i32 0, void @empty_0, void @empty_0, i32 4294967295, i32 0"   --->   Operation 29 'specinterface' 'specinterface_ln0' <Predicate = true> <Delay = 0.00>
ST_1 : Operation 30 [1/1] (0.00ns)   --->   "%specinterface_ln0 = specinterface void @_ssdm_op_SpecInterface, i32 %y, void @empty_3, i32 0, i32 0, void @empty_0, i32 1, i32 0, void @empty_0, void @empty_0, void @empty_0, i32 0, i32 0, i32 0, i32 0, void @empty_0, void @empty_0, i32 4294967295, i32 0"   --->   Operation 30 'specinterface' 'specinterface_ln0' <Predicate = true> <Delay = 0.00>
ST_1 : Operation 31 [1/1] (0.00ns)   --->   "%specmemcore_ln0 = specmemcore void @_ssdm_op_SpecMemCore, i32 %y, i64 666, i64 207, i64 1"   --->   Operation 31 'specmemcore' 'specmemcore_ln0' <Predicate = true> <Delay = 0.00>
ST_1 : Operation 32 [1/1] (0.00ns)   --->   "%specbitsmap_ln0 = specbitsmap void @_ssdm_op_SpecBitsMap, i32 %y"   --->   Operation 32 'specbitsmap' 'specbitsmap_ln0' <Predicate = true> <Delay = 0.00>
ST_1 : Operation 33 [1/1] (0.00ns)   --->   "%specinterface_ln0 = specinterface void @_ssdm_op_SpecInterface, i32 %x, void @empty, i32 0, i32 0, void @empty_0, i32 0, i32 0, void @empty_1, void @empty_7, void @empty_0, i32 0, i32 0, i32 0, i32 0, void @empty_0, void @empty_0, i32 4294967295, i32 0"   --->   Operation 33 'specinterface' 'specinterface_ln0' <Predicate = true> <Delay = 0.00>
ST_1 : Operation 34 [1/1] (0.00ns)   --->   "%specinterface_ln0 = specinterface void @_ssdm_op_SpecInterface, i32 %x, void @empty_3, i32 0, i32 0, void @empty_0, i32 1, i32 0, void @empty_0, void @empty_0, void @empty_0, i32 0, i32 0, i32 0, i32 0, void @empty_0, void @empty_0, i32 4294967295, i32 0"   --->   Operation 34 'specinterface' 'specinterface_ln0' <Predicate = true> <Delay = 0.00>
ST_1 : Operation 35 [1/1] (0.00ns)   --->   "%specmemcore_ln0 = specmemcore void @_ssdm_op_SpecMemCore, i32 %x, i64 666, i64 207, i64 1"   --->   Operation 35 'specmemcore' 'specmemcore_ln0' <Predicate = true> <Delay = 0.00>
ST_1 : Operation 36 [1/1] (0.00ns)   --->   "%specbitsmap_ln0 = specbitsmap void @_ssdm_op_SpecBitsMap, i32 %x"   --->   Operation 36 'specbitsmap' 'specbitsmap_ln0' <Predicate = true> <Delay = 0.00>
ST_1 : Operation 37 [1/1] (0.00ns)   --->   "%specinterface_ln0 = specinterface void @_ssdm_op_SpecInterface, i32 0, void @empty, i32 0, i32 0, void @empty_0, i32 0, i32 0, void @empty_1, void @empty_0, void @empty_0, i32 0, i32 0, i32 0, i32 0, void @empty_0, void @empty_0, i32 4294967295, i32 0"   --->   Operation 37 'specinterface' 'specinterface_ln0' <Predicate = true> <Delay = 0.00>
ST_1 : Operation 38 [1/1] (1.58ns)   --->   "%store_ln16 = store i3 0, i3 %i" [spmv_base/spmv.cpp:16]   --->   Operation 38 'store' 'store_ln16' <Predicate = true> <Delay = 1.58>
ST_1 : Operation 39 [1/1] (0.00ns)   --->   "%br_ln16 = br void %L2" [spmv_base/spmv.cpp:16]   --->   Operation 39 'br' 'br_ln16' <Predicate = true> <Delay = 0.00>

State 2 <SV = 1> <Delay = 3.23>
ST_2 : Operation 40 [1/1] (0.00ns)   --->   "%i_1 = load i3 %i" [spmv_base/spmv.cpp:18]   --->   Operation 40 'load' 'i_1' <Predicate = true> <Delay = 0.00>
ST_2 : Operation 41 [1/1] (1.13ns)   --->   "%icmp_ln16 = icmp_eq  i3 %i_1, i3 4" [spmv_base/spmv.cpp:16]   --->   Operation 41 'icmp' 'icmp_ln16' <Predicate = true> <Delay = 1.13> <CoreInst = "Cmp">   --->   Core 9 'Cmp' <Latency = 0> <II = 1> <Delay = 1.30> <FuncUnit> <Opcode : 'icmp'> <InPorts = 2> <OutPorts = 1>
ST_2 : Operation 42 [1/1] (0.00ns)   --->   "%empty = speclooptripcount i32 @_ssdm_op_SpecLoopTripCount, i64 4, i64 4, i64 4"   --->   Operation 42 'speclooptripcount' 'empty' <Predicate = true> <Delay = 0.00>
ST_2 : Operation 43 [1/1] (1.65ns)   --->   "%indvars_iv_next6 = add i3 %i_1, i3 1" [spmv_base/spmv.cpp:18]   --->   Operation 43 'add' 'indvars_iv_next6' <Predicate = true> <Delay = 1.65> <CoreInst = "Adder">   --->   Core 1 'Adder' <Latency = 0> <II = 1> <Delay = 1.65> <FuncUnit> <Opcode : 'add' 'sub'> <InPorts = 2> <OutPorts = 1>
ST_2 : Operation 44 [1/1] (0.00ns)   --->   "%br_ln16 = br i1 %icmp_ln16, void %L2.split, void %for.end18" [spmv_base/spmv.cpp:16]   --->   Operation 44 'br' 'br_ln16' <Predicate = true> <Delay = 0.00>
ST_2 : Operation 45 [1/1] (0.00ns)   --->   "%zext_ln16 = zext i3 %i_1" [spmv_base/spmv.cpp:16]   --->   Operation 45 'zext' 'zext_ln16' <Predicate = (!icmp_ln16)> <Delay = 0.00>
ST_2 : Operation 46 [1/1] (0.00ns)   --->   "%trunc_ln18 = trunc i3 %i_1" [spmv_base/spmv.cpp:18]   --->   Operation 46 'trunc' 'trunc_ln18' <Predicate = (!icmp_ln16)> <Delay = 0.00>
ST_2 : Operation 47 [1/1] (0.00ns)   --->   "%rowPtr_addr = getelementptr i32 %rowPtr, i64 0, i64 %zext_ln16" [spmv_base/spmv.cpp:18]   --->   Operation 47 'getelementptr' 'rowPtr_addr' <Predicate = (!icmp_ln16)> <Delay = 0.00>
ST_2 : Operation 48 [2/2] (2.32ns)   --->   "%k = load i3 %rowPtr_addr" [spmv_base/spmv.cpp:18]   --->   Operation 48 'load' 'k' <Predicate = (!icmp_ln16)> <Delay = 2.32> <CoreInst = "RAM_1P">   --->   Core 86 'RAM_1P' <Latency = 1> <II = 1> <Delay = 2.32> <Storage> <Opcode : 'load' 'store'> <Ports = 1> <Width = 32> <Depth = 5> <RAM>
ST_2 : Operation 49 [1/1] (1.58ns)   --->   "%store_ln16 = store i3 %indvars_iv_next6, i3 %i" [spmv_base/spmv.cpp:16]   --->   Operation 49 'store' 'store_ln16' <Predicate = (!icmp_ln16)> <Delay = 1.58>
ST_2 : Operation 50 [1/1] (0.00ns)   --->   "%ret_ln26 = ret" [spmv_base/spmv.cpp:26]   --->   Operation 50 'ret' 'ret_ln26' <Predicate = (icmp_ln16)> <Delay = 0.00>

State 3 <SV = 2> <Delay = 4.05>
ST_3 : Operation 51 [1/1] (0.00ns)   --->   "%shl_ln = bitconcatenate i4 @_ssdm_op_BitConcatenate.i4.i2.i2, i2 %trunc_ln18, i2 0" [spmv_base/spmv.cpp:18]   --->   Operation 51 'bitconcatenate' 'shl_ln' <Predicate = true> <Delay = 0.00>
ST_3 : Operation 52 [1/1] (0.00ns)   --->   "%zext_ln18 = zext i4 %shl_ln" [spmv_base/spmv.cpp:18]   --->   Operation 52 'zext' 'zext_ln18' <Predicate = true> <Delay = 0.00>
ST_3 : Operation 53 [1/2] (2.32ns)   --->   "%k = load i3 %rowPtr_addr" [spmv_base/spmv.cpp:18]   --->   Operation 53 'load' 'k' <Predicate = true> <Delay = 2.32> <CoreInst = "RAM_1P">   --->   Core 86 'RAM_1P' <Latency = 1> <II = 1> <Delay = 2.32> <Storage> <Opcode : 'load' 'store'> <Ports = 1> <Width = 32> <Depth = 5> <RAM>
ST_3 : Operation 54 [1/1] (1.73ns)   --->   "%empty_16 = add i5 %zext_ln18, i5 4" [spmv_base/spmv.cpp:18]   --->   Operation 54 'add' 'empty_16' <Predicate = true> <Delay = 1.73> <CoreInst = "Adder">   --->   Core 1 'Adder' <Latency = 0> <II = 1> <Delay = 1.78> <FuncUnit> <Opcode : 'add' 'sub'> <InPorts = 2> <OutPorts = 1>
ST_3 : Operation 55 [1/1] (0.00ns)   --->   "%tmp_1 = partselect i3 @_ssdm_op_PartSelect.i3.i5.i32.i32, i5 %empty_16, i32 2, i32 4" [spmv_base/spmv.cpp:18]   --->   Operation 55 'partselect' 'tmp_1' <Predicate = true> <Delay = 0.00>
ST_3 : Operation 56 [1/1] (0.00ns)   --->   "%p_cast = zext i3 %tmp_1" [spmv_base/spmv.cpp:18]   --->   Operation 56 'zext' 'p_cast' <Predicate = true> <Delay = 0.00>
ST_3 : Operation 57 [1/1] (0.00ns)   --->   "%rowPtr_addr_1 = getelementptr i32 %rowPtr, i64 0, i64 %p_cast" [spmv_base/spmv.cpp:18]   --->   Operation 57 'getelementptr' 'rowPtr_addr_1' <Predicate = true> <Delay = 0.00>
ST_3 : Operation 58 [2/2] (2.32ns)   --->   "%rowPtr_load = load i3 %rowPtr_addr_1" [spmv_base/spmv.cpp:18]   --->   Operation 58 'load' 'rowPtr_load' <Predicate = true> <Delay = 2.32> <CoreInst = "RAM_1P">   --->   Core 86 'RAM_1P' <Latency = 1> <II = 1> <Delay = 2.32> <Storage> <Opcode : 'load' 'store'> <Ports = 1> <Width = 32> <Depth = 5> <RAM>

State 4 <SV = 3> <Delay = 3.91>
ST_4 : Operation 59 [1/2] (2.32ns)   --->   "%rowPtr_load = load i3 %rowPtr_addr_1" [spmv_base/spmv.cpp:18]   --->   Operation 59 'load' 'rowPtr_load' <Predicate = true> <Delay = 2.32> <CoreInst = "RAM_1P">   --->   Core 86 'RAM_1P' <Latency = 1> <II = 1> <Delay = 2.32> <Storage> <Opcode : 'load' 'store'> <Ports = 1> <Width = 32> <Depth = 5> <RAM>
ST_4 : Operation 60 [2/2] (1.58ns)   --->   "%targetBlock = call i3 @spmv_Pipeline_L2, i32 %k, i32 %rowPtr_load, i32 %values, i32 %columnIndex, i32 %x, i32 %y0_0_loc, i32 %y0_1_6_loc, i32 %y0_1_5_loc, i32 %y0_1_4_loc, i32 %y0_1_3_loc, i32 %y0_1_2_loc, i32 %y0_1_1_loc, i32 %y0_1_loc" [spmv_base/spmv.cpp:18]   --->   Operation 60 'call' 'targetBlock' <Predicate = true> <Delay = 1.58> <CoreType = "Generic">   --->   Core 0 '' <Latency = 0> <II = 1> <Delay = 1.00> <Generic> <Opcode : >

State 5 <SV = 4> <Delay = 0.00>
ST_5 : Operation 61 [1/2] (0.00ns)   --->   "%targetBlock = call i3 @spmv_Pipeline_L2, i32 %k, i32 %rowPtr_load, i32 %values, i32 %columnIndex, i32 %x, i32 %y0_0_loc, i32 %y0_1_6_loc, i32 %y0_1_5_loc, i32 %y0_1_4_loc, i32 %y0_1_3_loc, i32 %y0_1_2_loc, i32 %y0_1_1_loc, i32 %y0_1_loc" [spmv_base/spmv.cpp:18]   --->   Operation 61 'call' 'targetBlock' <Predicate = true> <Delay = 0.00> <CoreType = "Generic">   --->   Core 0 '' <Latency = 0> <II = 1> <Delay = 1.00> <Generic> <Opcode : >

State 6 <SV = 5> <Delay = 6.24>
ST_6 : Operation 62 [1/1] (0.00ns)   --->   "%specloopname_ln17 = specloopname void @_ssdm_op_SpecLoopName, void @empty_10" [spmv_base/spmv.cpp:17]   --->   Operation 62 'specloopname' 'specloopname_ln17' <Predicate = true> <Delay = 0.00>
ST_6 : Operation 63 [1/1] (0.00ns)   --->   "%y0_0_loc_load = load i32 %y0_0_loc"   --->   Operation 63 'load' 'y0_0_loc_load' <Predicate = true> <Delay = 0.00>
ST_6 : Operation 64 [1/1] (0.00ns)   --->   "%y0_1_6_loc_load = load i32 %y0_1_6_loc"   --->   Operation 64 'load' 'y0_1_6_loc_load' <Predicate = true> <Delay = 0.00>
ST_6 : Operation 65 [1/1] (0.00ns)   --->   "%y0_1_5_loc_load = load i32 %y0_1_5_loc"   --->   Operation 65 'load' 'y0_1_5_loc_load' <Predicate = true> <Delay = 0.00>
ST_6 : Operation 66 [1/1] (0.00ns)   --->   "%y0_1_4_loc_load = load i32 %y0_1_4_loc"   --->   Operation 66 'load' 'y0_1_4_loc_load' <Predicate = true> <Delay = 0.00>
ST_6 : Operation 67 [1/1] (0.00ns)   --->   "%y0_1_3_loc_load = load i32 %y0_1_3_loc"   --->   Operation 67 'load' 'y0_1_3_loc_load' <Predicate = true> <Delay = 0.00>
ST_6 : Operation 68 [1/1] (0.00ns)   --->   "%y0_1_2_loc_load = load i32 %y0_1_2_loc"   --->   Operation 68 'load' 'y0_1_2_loc_load' <Predicate = true> <Delay = 0.00>
ST_6 : Operation 69 [1/1] (0.00ns)   --->   "%y0_1_1_loc_load = load i32 %y0_1_1_loc"   --->   Operation 69 'load' 'y0_1_1_loc_load' <Predicate = true> <Delay = 0.00>
ST_6 : Operation 70 [1/1] (0.00ns)   --->   "%y0_1_loc_load = load i32 %y0_1_loc"   --->   Operation 70 'load' 'y0_1_loc_load' <Predicate = true> <Delay = 0.00>
ST_6 : Operation 71 [1/1] (1.13ns)   --->   "%empty_17 = icmp_eq  i3 %targetBlock, i3 0" [spmv_base/spmv.cpp:18]   --->   Operation 71 'icmp' 'empty_17' <Predicate = true> <Delay = 1.13> <CoreInst = "Cmp">   --->   Core 9 'Cmp' <Latency = 0> <II = 1> <Delay = 1.13> <FuncUnit> <Opcode : 'icmp'> <InPorts = 2> <OutPorts = 1>
ST_6 : Operation 72 [1/1] (0.00ns) (grouped into LUT with out node empty_20)   --->   "%empty_18 = select i1 %empty_17, i32 %y0_0_loc_load, i32 %y0_1_loc_load" [spmv_base/spmv.cpp:18]   --->   Operation 72 'select' 'empty_18' <Predicate = true> <Delay = 0.00> <CoreInst = "Sel">   --->   Core 73 'Sel' <Latency = 0> <II = 1> <Delay = 0.69> <FuncUnit> <Opcode : 'select'> <InPorts = 3> <OutPorts = 1>
ST_6 : Operation 73 [1/1] (1.13ns)   --->   "%empty_19 = icmp_eq  i3 %targetBlock, i3 1" [spmv_base/spmv.cpp:18]   --->   Operation 73 'icmp' 'empty_19' <Predicate = true> <Delay = 1.13> <CoreInst = "Cmp">   --->   Core 9 'Cmp' <Latency = 0> <II = 1> <Delay = 1.13> <FuncUnit> <Opcode : 'icmp'> <InPorts = 2> <OutPorts = 1>
ST_6 : Operation 74 [1/1] (0.69ns) (out node of the LUT)   --->   "%empty_20 = select i1 %empty_19, i32 %y0_1_6_loc_load, i32 %empty_18" [spmv_base/spmv.cpp:18]   --->   Operation 74 'select' 'empty_20' <Predicate = true> <Delay = 0.69> <CoreInst = "Sel">   --->   Core 73 'Sel' <Latency = 0> <II = 1> <Delay = 0.69> <FuncUnit> <Opcode : 'select'> <InPorts = 3> <OutPorts = 1>
ST_6 : Operation 75 [1/1] (1.13ns)   --->   "%empty_21 = icmp_eq  i3 %targetBlock, i3 2" [spmv_base/spmv.cpp:18]   --->   Operation 75 'icmp' 'empty_21' <Predicate = true> <Delay = 1.13> <CoreInst = "Cmp">   --->   Core 9 'Cmp' <Latency = 0> <II = 1> <Delay = 1.13> <FuncUnit> <Opcode : 'icmp'> <InPorts = 2> <OutPorts = 1>
ST_6 : Operation 76 [1/1] (0.00ns) (grouped into LUT with out node empty_24)   --->   "%empty_22 = select i1 %empty_21, i32 %y0_1_5_loc_load, i32 %empty_20" [spmv_base/spmv.cpp:18]   --->   Operation 76 'select' 'empty_22' <Predicate = true> <Delay = 0.00> <CoreInst = "Sel">   --->   Core 73 'Sel' <Latency = 0> <II = 1> <Delay = 0.69> <FuncUnit> <Opcode : 'select'> <InPorts = 3> <OutPorts = 1>
ST_6 : Operation 77 [1/1] (1.13ns)   --->   "%empty_23 = icmp_eq  i3 %targetBlock, i3 3" [spmv_base/spmv.cpp:18]   --->   Operation 77 'icmp' 'empty_23' <Predicate = true> <Delay = 1.13> <CoreInst = "Cmp">   --->   Core 9 'Cmp' <Latency = 0> <II = 1> <Delay = 1.13> <FuncUnit> <Opcode : 'icmp'> <InPorts = 2> <OutPorts = 1>
ST_6 : Operation 78 [1/1] (0.69ns) (out node of the LUT)   --->   "%empty_24 = select i1 %empty_23, i32 %y0_1_4_loc_load, i32 %empty_22" [spmv_base/spmv.cpp:18]   --->   Operation 78 'select' 'empty_24' <Predicate = true> <Delay = 0.69> <CoreInst = "Sel">   --->   Core 73 'Sel' <Latency = 0> <II = 1> <Delay = 0.69> <FuncUnit> <Opcode : 'select'> <InPorts = 3> <OutPorts = 1>
ST_6 : Operation 79 [1/1] (1.13ns)   --->   "%empty_25 = icmp_eq  i3 %targetBlock, i3 4" [spmv_base/spmv.cpp:18]   --->   Operation 79 'icmp' 'empty_25' <Predicate = true> <Delay = 1.13> <CoreInst = "Cmp">   --->   Core 9 'Cmp' <Latency = 0> <II = 1> <Delay = 1.30> <FuncUnit> <Opcode : 'icmp'> <InPorts = 2> <OutPorts = 1>
ST_6 : Operation 80 [1/1] (0.00ns) (grouped into LUT with out node empty_28)   --->   "%empty_26 = select i1 %empty_25, i32 %y0_1_3_loc_load, i32 %empty_24" [spmv_base/spmv.cpp:18]   --->   Operation 80 'select' 'empty_26' <Predicate = true> <Delay = 0.00> <CoreInst = "Sel">   --->   Core 73 'Sel' <Latency = 0> <II = 1> <Delay = 0.69> <FuncUnit> <Opcode : 'select'> <InPorts = 3> <OutPorts = 1>
ST_6 : Operation 81 [1/1] (1.13ns)   --->   "%empty_27 = icmp_eq  i3 %targetBlock, i3 5" [spmv_base/spmv.cpp:18]   --->   Operation 81 'icmp' 'empty_27' <Predicate = true> <Delay = 1.13> <CoreInst = "Cmp">   --->   Core 9 'Cmp' <Latency = 0> <II = 1> <Delay = 1.13> <FuncUnit> <Opcode : 'icmp'> <InPorts = 2> <OutPorts = 1>
ST_6 : Operation 82 [1/1] (0.69ns) (out node of the LUT)   --->   "%empty_28 = select i1 %empty_27, i32 %y0_1_2_loc_load, i32 %empty_26" [spmv_base/spmv.cpp:18]   --->   Operation 82 'select' 'empty_28' <Predicate = true> <Delay = 0.69> <CoreInst = "Sel">   --->   Core 73 'Sel' <Latency = 0> <II = 1> <Delay = 0.69> <FuncUnit> <Opcode : 'select'> <InPorts = 3> <OutPorts = 1>
ST_6 : Operation 83 [1/1] (1.13ns)   --->   "%empty_29 = icmp_eq  i3 %targetBlock, i3 6" [spmv_base/spmv.cpp:18]   --->   Operation 83 'icmp' 'empty_29' <Predicate = true> <Delay = 1.13> <CoreInst = "Cmp">   --->   Core 9 'Cmp' <Latency = 0> <II = 1> <Delay = 1.13> <FuncUnit> <Opcode : 'icmp'> <InPorts = 2> <OutPorts = 1>
ST_6 : Operation 84 [1/1] (0.69ns) (out node of the LUT)   --->   "%y0_lcssa = select i1 %empty_29, i32 %y0_1_1_loc_load, i32 %empty_28" [spmv_base/spmv.cpp:18]   --->   Operation 84 'select' 'y0_lcssa' <Predicate = true> <Delay = 0.69> <CoreInst = "Sel">   --->   Core 73 'Sel' <Latency = 0> <II = 1> <Delay = 0.69> <FuncUnit> <Opcode : 'select'> <InPorts = 3> <OutPorts = 1>
ST_6 : Operation 85 [1/1] (0.00ns)   --->   "%bitcast_ln23 = bitcast i32 %y0_lcssa" [spmv_base/spmv.cpp:23]   --->   Operation 85 'bitcast' 'bitcast_ln23' <Predicate = true> <Delay = 0.00>
ST_6 : Operation 86 [1/1] (0.00ns)   --->   "%y_addr = getelementptr i32 %y, i64 0, i64 %zext_ln16" [spmv_base/spmv.cpp:23]   --->   Operation 86 'getelementptr' 'y_addr' <Predicate = true> <Delay = 0.00>
ST_6 : Operation 87 [1/1] (2.32ns)   --->   "%store_ln23 = store i32 %bitcast_ln23, i2 %y_addr" [spmv_base/spmv.cpp:23]   --->   Operation 87 'store' 'store_ln23' <Predicate = true> <Delay = 2.32> <CoreInst = "RAM_1P">   --->   Core 86 'RAM_1P' <Latency = 1> <II = 1> <Delay = 2.32> <Storage> <Opcode : 'load' 'store'> <Ports = 1> <Width = 32> <Depth = 4> <RAM>
ST_6 : Operation 88 [1/1] (0.00ns)   --->   "%br_ln16 = br void %L2" [spmv_base/spmv.cpp:16]   --->   Operation 88 'br' 'br_ln16' <Predicate = true> <Delay = 0.00>


============================================================
+ Verbose Summary: Binding
============================================================
STG Binding: 
---------------- STG Properties BEGIN ----------------
- Is combinational: 0
- Is one-state seq: 0
- Is datapath-only: 0
- Is pipelined: 0
- Is top level: 1
Port [ Return ] is wired: 1; IO mode=ap_ctrl_hs:ce=0
Port [ rowPtr]:  wired=1; compound=1; hidden=0; nouse=0; global=0; static=0; extern=0; dir=0; type=1; pingpong=0; private_global=0; MemPort=[1]; IO mode=ap_memory:ce=0
Port [ columnIndex]:  wired=1; compound=1; hidden=0; nouse=0; global=0; static=0; extern=0; dir=0; type=1; pingpong=0; private_global=0; MemPort=[1]; IO mode=ap_memory:ce=0
Port [ values]:  wired=1; compound=1; hidden=0; nouse=0; global=0; static=0; extern=0; dir=0; type=1; pingpong=0; private_global=0; MemPort=[1]; IO mode=ap_memory:ce=0
Port [ y]:  wired=1; compound=1; hidden=0; nouse=0; global=0; static=0; extern=0; dir=1; type=1; pingpong=0; private_global=0; MemPort=[0]; IO mode=ap_memory:ce=0
Port [ x]:  wired=1; compound=1; hidden=0; nouse=0; global=0; static=0; extern=0; dir=0; type=1; pingpong=0; private_global=0; MemPort=[1]; IO mode=ap_memory:ce=0
---------------- STG Properties END ------------------

---------------- Datapath Model BEGIN ----------------

<LifeTime>
<method=bitvector/>
i                 (alloca           ) [ 0111111]
y0_1_loc          (alloca           ) [ 0011111]
y0_1_1_loc        (alloca           ) [ 0011111]
y0_1_2_loc        (alloca           ) [ 0011111]
y0_1_3_loc        (alloca           ) [ 0011111]
y0_1_4_loc        (alloca           ) [ 0011111]
y0_1_5_loc        (alloca           ) [ 0011111]
y0_1_6_loc        (alloca           ) [ 0011111]
y0_0_loc          (alloca           ) [ 0011111]
spectopmodule_ln4 (spectopmodule    ) [ 0000000]
specinterface_ln0 (specinterface    ) [ 0000000]
specinterface_ln0 (specinterface    ) [ 0000000]
specmemcore_ln0   (specmemcore      ) [ 0000000]
specbitsmap_ln0   (specbitsmap      ) [ 0000000]
specinterface_ln0 (specinterface    ) [ 0000000]
specinterface_ln0 (specinterface    ) [ 0000000]
specmemcore_ln0   (specmemcore      ) [ 0000000]
specbitsmap_ln0   (specbitsmap      ) [ 0000000]
specinterface_ln0 (specinterface    ) [ 0000000]
specinterface_ln0 (specinterface    ) [ 0000000]
specmemcore_ln0   (specmemcore      ) [ 0000000]
specbitsmap_ln0   (specbitsmap      ) [ 0000000]
specinterface_ln0 (specinterface    ) [ 0000000]
specinterface_ln0 (specinterface    ) [ 0000000]
specmemcore_ln0   (specmemcore      ) [ 0000000]
specbitsmap_ln0   (specbitsmap      ) [ 0000000]
specinterface_ln0 (specinterface    ) [ 0000000]
specinterface_ln0 (specinterface    ) [ 0000000]
specmemcore_ln0   (specmemcore      ) [ 0000000]
specbitsmap_ln0   (specbitsmap      ) [ 0000000]
specinterface_ln0 (specinterface    ) [ 0000000]
store_ln16        (store            ) [ 0000000]
br_ln16           (br               ) [ 0000000]
i_1               (load             ) [ 0000000]
icmp_ln16         (icmp             ) [ 0011111]
empty             (speclooptripcount) [ 0000000]
indvars_iv_next6  (add              ) [ 0000000]
br_ln16           (br               ) [ 0000000]
zext_ln16         (zext             ) [ 0001111]
trunc_ln18        (trunc            ) [ 0001000]
rowPtr_addr       (getelementptr    ) [ 0001000]
store_ln16        (store            ) [ 0000000]
ret_ln26          (ret              ) [ 0000000]
shl_ln            (bitconcatenate   ) [ 0000000]
zext_ln18         (zext             ) [ 0000000]
k                 (load             ) [ 0000110]
empty_16          (add              ) [ 0000000]
tmp_1             (partselect       ) [ 0000000]
p_cast            (zext             ) [ 0000000]
rowPtr_addr_1     (getelementptr    ) [ 0000100]
rowPtr_load       (load             ) [ 0000010]
targetBlock       (call             ) [ 0000001]
specloopname_ln17 (specloopname     ) [ 0000000]
y0_0_loc_load     (load             ) [ 0000000]
y0_1_6_loc_load   (load             ) [ 0000000]
y0_1_5_loc_load   (load             ) [ 0000000]
y0_1_4_loc_load   (load             ) [ 0000000]
y0_1_3_loc_load   (load             ) [ 0000000]
y0_1_2_loc_load   (load             ) [ 0000000]
y0_1_1_loc_load   (load             ) [ 0000000]
y0_1_loc_load     (load             ) [ 0000000]
empty_17          (icmp             ) [ 0000000]
empty_18          (select           ) [ 0000000]
empty_19          (icmp             ) [ 0000000]
empty_20          (select           ) [ 0000000]
empty_21          (icmp             ) [ 0000000]
empty_22          (select           ) [ 0000000]
empty_23          (icmp             ) [ 0000000]
empty_24          (select           ) [ 0000000]
empty_25          (icmp             ) [ 0000000]
empty_26          (select           ) [ 0000000]
empty_27          (icmp             ) [ 0000000]
empty_28          (select           ) [ 0000000]
empty_29          (icmp             ) [ 0000000]
y0_lcssa          (select           ) [ 0000000]
bitcast_ln23      (bitcast          ) [ 0000000]
y_addr            (getelementptr    ) [ 0000000]
store_ln23        (store            ) [ 0000000]
br_ln16           (br               ) [ 0000000]
</LifeTime>

<model>

<comp_list>
<comp id="0" class="1000" name="rowPtr">
<pin_list>
<pin id="1" dir="1" index="0" bw="1" slack="0"/>
</pin_list>
<bind>
<StgValue><ssdm name="rowPtr"/><MemPortTyVec>1 </MemPortTyVec>
</StgValue>
</bind>
</comp>

<comp id="2" class="1000" name="columnIndex">
<pin_list>
<pin id="3" dir="1" index="0" bw="1" slack="0"/>
</pin_list>
<bind>
<StgValue><ssdm name="columnIndex"/><MemPortTyVec>1 </MemPortTyVec>
</StgValue>
</bind>
</comp>

<comp id="4" class="1000" name="values">
<pin_list>
<pin id="5" dir="1" index="0" bw="1" slack="0"/>
</pin_list>
<bind>
<StgValue><ssdm name="values"/><MemPortTyVec>1 </MemPortTyVec>
</StgValue>
</bind>
</comp>

<comp id="6" class="1000" name="y">
<pin_list>
<pin id="7" dir="1" index="0" bw="1" slack="0"/>
</pin_list>
<bind>
<StgValue><ssdm name="y"/><MemPortTyVec>0 </MemPortTyVec>
</StgValue>
</bind>
</comp>

<comp id="8" class="1000" name="x">
<pin_list>
<pin id="9" dir="1" index="0" bw="1" slack="0"/>
</pin_list>
<bind>
<StgValue><ssdm name="x"/><MemPortTyVec>1 </MemPortTyVec>
</StgValue>
</bind>
</comp>

<comp id="10" class="1001" name="const_10">
<pin_list>
<pin id="11" dir="1" index="0" bw="1" slack="0"/>
</pin_list>
<bind>
<StgValue><ssdm name=""/></StgValue>
</bind>
</comp>

<comp id="12" class="1001" name="const_12">
<pin_list>
<pin id="13" dir="1" index="0" bw="1" slack="0"/>
</pin_list>
<bind>
<StgValue><ssdm name=""/></StgValue>
</bind>
</comp>

<comp id="14" class="1001" name="const_14">
<pin_list>
<pin id="15" dir="1" index="0" bw="1" slack="2147483647"/>
</pin_list>
<bind>
<StgValue><ssdm name="_ssdm_op_SpecTopModule"/></StgValue>
</bind>
</comp>

<comp id="16" class="1001" name="const_16">
<pin_list>
<pin id="17" dir="1" index="0" bw="1" slack="2147483647"/>
</pin_list>
<bind>
<StgValue><ssdm name="empty_8"/></StgValue>
</bind>
</comp>

<comp id="18" class="1001" name="const_18">
<pin_list>
<pin id="19" dir="1" index="0" bw="1" slack="2147483647"/>
</pin_list>
<bind>
<StgValue><ssdm name="_ssdm_op_SpecInterface"/></StgValue>
</bind>
</comp>

<comp id="20" class="1001" name="const_20">
<pin_list>
<pin id="21" dir="1" index="0" bw="1" slack="2147483647"/>
</pin_list>
<bind>
<StgValue><ssdm name="empty"/></StgValue>
</bind>
</comp>

<comp id="22" class="1001" name="const_22">
<pin_list>
<pin id="23" dir="1" index="0" bw="1" slack="2147483647"/>
</pin_list>
<bind>
<StgValue><ssdm name=""/></StgValue>
</bind>
</comp>

<comp id="24" class="1001" name="const_24">
<pin_list>
<pin id="25" dir="1" index="0" bw="1" slack="2147483647"/>
</pin_list>
<bind>
<StgValue><ssdm name="empty_0"/></StgValue>
</bind>
</comp>

<comp id="26" class="1001" name="const_26">
<pin_list>
<pin id="27" dir="1" index="0" bw="1" slack="2147483647"/>
</pin_list>
<bind>
<StgValue><ssdm name="empty_1"/></StgValue>
</bind>
</comp>

<comp id="28" class="1001" name="const_28">
<pin_list>
<pin id="29" dir="1" index="0" bw="1" slack="2147483647"/>
</pin_list>
<bind>
<StgValue><ssdm name="empty_2"/></StgValue>
</bind>
</comp>

<comp id="30" class="1001" name="const_30">
<pin_list>
<pin id="31" dir="1" index="0" bw="1" slack="2147483647"/>
</pin_list>
<bind>
<StgValue><ssdm name=""/></StgValue>
</bind>
</comp>

<comp id="32" class="1001" name="const_32">
<pin_list>
<pin id="33" dir="1" index="0" bw="1" slack="2147483647"/>
</pin_list>
<bind>
<StgValue><ssdm name="empty_3"/></StgValue>
</bind>
</comp>

<comp id="34" class="1001" name="const_34">
<pin_list>
<pin id="35" dir="1" index="0" bw="1" slack="2147483647"/>
</pin_list>
<bind>
<StgValue><ssdm name="_ssdm_op_SpecMemCore"/></StgValue>
</bind>
</comp>

<comp id="36" class="1001" name="const_36">
<pin_list>
<pin id="37" dir="1" index="0" bw="1" slack="2147483647"/>
</pin_list>
<bind>
<StgValue><ssdm name=""/></StgValue>
</bind>
</comp>

<comp id="38" class="1001" name="const_38">
<pin_list>
<pin id="39" dir="1" index="0" bw="1" slack="2147483647"/>
</pin_list>
<bind>
<StgValue><ssdm name=""/></StgValue>
</bind>
</comp>

<comp id="40" class="1001" name="const_40">
<pin_list>
<pin id="41" dir="1" index="0" bw="1" slack="2147483647"/>
</pin_list>
<bind>
<StgValue><ssdm name="_ssdm_op_SpecBitsMap"/></StgValue>
</bind>
</comp>

<comp id="42" class="1001" name="const_42">
<pin_list>
<pin id="43" dir="1" index="0" bw="1" slack="2147483647"/>
</pin_list>
<bind>
<StgValue><ssdm name="empty_4"/></StgValue>
</bind>
</comp>

<comp id="44" class="1001" name="const_44">
<pin_list>
<pin id="45" dir="1" index="0" bw="1" slack="2147483647"/>
</pin_list>
<bind>
<StgValue><ssdm name="empty_5"/></StgValue>
</bind>
</comp>

<comp id="46" class="1001" name="const_46">
<pin_list>
<pin id="47" dir="1" index="0" bw="1" slack="2147483647"/>
</pin_list>
<bind>
<StgValue><ssdm name="empty_6"/></StgValue>
</bind>
</comp>

<comp id="48" class="1001" name="const_48">
<pin_list>
<pin id="49" dir="1" index="0" bw="1" slack="2147483647"/>
</pin_list>
<bind>
<StgValue><ssdm name="empty_7"/></StgValue>
</bind>
</comp>

<comp id="50" class="1001" name="const_50">
<pin_list>
<pin id="51" dir="1" index="0" bw="1" slack="0"/>
</pin_list>
<bind>
<StgValue><ssdm name=""/></StgValue>
</bind>
</comp>

<comp id="52" class="1001" name="const_52">
<pin_list>
<pin id="53" dir="1" index="0" bw="1" slack="0"/>
</pin_list>
<bind>
<StgValue><ssdm name=""/></StgValue>
</bind>
</comp>

<comp id="54" class="1001" name="const_54">
<pin_list>
<pin id="55" dir="1" index="0" bw="1" slack="2147483647"/>
</pin_list>
<bind>
<StgValue><ssdm name="_ssdm_op_SpecLoopTripCount"/></StgValue>
</bind>
</comp>

<comp id="56" class="1001" name="const_56">
<pin_list>
<pin id="57" dir="1" index="0" bw="1" slack="2147483647"/>
</pin_list>
<bind>
<StgValue><ssdm name=""/></StgValue>
</bind>
</comp>

<comp id="58" class="1001" name="const_58">
<pin_list>
<pin id="59" dir="1" index="0" bw="1" slack="0"/>
</pin_list>
<bind>
<StgValue><ssdm name=""/></StgValue>
</bind>
</comp>

<comp id="60" class="1001" name="const_60">
<pin_list>
<pin id="61" dir="1" index="0" bw="1" slack="0"/>
</pin_list>
<bind>
<StgValue><ssdm name=""/></StgValue>
</bind>
</comp>

<comp id="62" class="1001" name="const_62">
<pin_list>
<pin id="63" dir="1" index="0" bw="1" slack="0"/>
</pin_list>
<bind>
<StgValue><ssdm name="_ssdm_op_BitConcatenate.i4.i2.i2"/></StgValue>
</bind>
</comp>

<comp id="64" class="1001" name="const_64">
<pin_list>
<pin id="65" dir="1" index="0" bw="1" slack="0"/>
</pin_list>
<bind>
<StgValue><ssdm name=""/></StgValue>
</bind>
</comp>

<comp id="66" class="1001" name="const_66">
<pin_list>
<pin id="67" dir="1" index="0" bw="1" slack="0"/>
</pin_list>
<bind>
<StgValue><ssdm name=""/></StgValue>
</bind>
</comp>

<comp id="68" class="1001" name="const_68">
<pin_list>
<pin id="69" dir="1" index="0" bw="1" slack="0"/>
</pin_list>
<bind>
<StgValue><ssdm name="_ssdm_op_PartSelect.i3.i5.i32.i32"/></StgValue>
</bind>
</comp>

<comp id="70" class="1001" name="const_70">
<pin_list>
<pin id="71" dir="1" index="0" bw="1" slack="0"/>
</pin_list>
<bind>
<StgValue><ssdm name=""/></StgValue>
</bind>
</comp>

<comp id="72" class="1001" name="const_72">
<pin_list>
<pin id="73" dir="1" index="0" bw="1" slack="0"/>
</pin_list>
<bind>
<StgValue><ssdm name=""/></StgValue>
</bind>
</comp>

<comp id="74" class="1001" name="const_74">
<pin_list>
<pin id="75" dir="1" index="0" bw="1" slack="0"/>
</pin_list>
<bind>
<StgValue><ssdm name="spmv_Pipeline_L2"/></StgValue>
</bind>
</comp>

<comp id="76" class="1001" name="const_76">
<pin_list>
<pin id="77" dir="1" index="0" bw="1" slack="2147483647"/>
</pin_list>
<bind>
<StgValue><ssdm name="_ssdm_op_SpecLoopName"/></StgValue>
</bind>
</comp>

<comp id="78" class="1001" name="const_78">
<pin_list>
<pin id="79" dir="1" index="0" bw="1" slack="2147483647"/>
</pin_list>
<bind>
<StgValue><ssdm name="empty_10"/></StgValue>
</bind>
</comp>

<comp id="80" class="1001" name="const_80">
<pin_list>
<pin id="81" dir="1" index="0" bw="1" slack="0"/>
</pin_list>
<bind>
<StgValue><ssdm name=""/></StgValue>
</bind>
</comp>

<comp id="82" class="1001" name="const_82">
<pin_list>
<pin id="83" dir="1" index="0" bw="1" slack="0"/>
</pin_list>
<bind>
<StgValue><ssdm name=""/></StgValue>
</bind>
</comp>

<comp id="84" class="1001" name="const_84">
<pin_list>
<pin id="85" dir="1" index="0" bw="1" slack="0"/>
</pin_list>
<bind>
<StgValue><ssdm name=""/></StgValue>
</bind>
</comp>

<comp id="86" class="1001" name="const_86">
<pin_list>
<pin id="87" dir="1" index="0" bw="1" slack="0"/>
</pin_list>
<bind>
<StgValue><ssdm name=""/></StgValue>
</bind>
</comp>

<comp id="88" class="1004" name="i_fu_88">
<pin_list>
<pin id="89" dir="0" index="0" bw="1" slack="0"/>
<pin id="90" dir="1" index="1" bw="3" slack="0"/>
</pin_list>
<bind>
<opcode="alloca(26) " fcode="alloca"/>
<opset="i/1 "/>
</bind>
</comp>

<comp id="92" class="1004" name="y0_1_loc_fu_92">
<pin_list>
<pin id="93" dir="0" index="0" bw="1" slack="0"/>
<pin id="94" dir="1" index="1" bw="32" slack="3"/>
</pin_list>
<bind>
<opcode="alloca(26) " fcode="alloca"/>
<opset="y0_1_loc/1 "/>
</bind>
</comp>

<comp id="96" class="1004" name="y0_1_1_loc_fu_96">
<pin_list>
<pin id="97" dir="0" index="0" bw="1" slack="0"/>
<pin id="98" dir="1" index="1" bw="32" slack="3"/>
</pin_list>
<bind>
<opcode="alloca(26) " fcode="alloca"/>
<opset="y0_1_1_loc/1 "/>
</bind>
</comp>

<comp id="100" class="1004" name="y0_1_2_loc_fu_100">
<pin_list>
<pin id="101" dir="0" index="0" bw="1" slack="0"/>
<pin id="102" dir="1" index="1" bw="32" slack="3"/>
</pin_list>
<bind>
<opcode="alloca(26) " fcode="alloca"/>
<opset="y0_1_2_loc/1 "/>
</bind>
</comp>

<comp id="104" class="1004" name="y0_1_3_loc_fu_104">
<pin_list>
<pin id="105" dir="0" index="0" bw="1" slack="0"/>
<pin id="106" dir="1" index="1" bw="32" slack="3"/>
</pin_list>
<bind>
<opcode="alloca(26) " fcode="alloca"/>
<opset="y0_1_3_loc/1 "/>
</bind>
</comp>

<comp id="108" class="1004" name="y0_1_4_loc_fu_108">
<pin_list>
<pin id="109" dir="0" index="0" bw="1" slack="0"/>
<pin id="110" dir="1" index="1" bw="32" slack="3"/>
</pin_list>
<bind>
<opcode="alloca(26) " fcode="alloca"/>
<opset="y0_1_4_loc/1 "/>
</bind>
</comp>

<comp id="112" class="1004" name="y0_1_5_loc_fu_112">
<pin_list>
<pin id="113" dir="0" index="0" bw="1" slack="0"/>
<pin id="114" dir="1" index="1" bw="32" slack="3"/>
</pin_list>
<bind>
<opcode="alloca(26) " fcode="alloca"/>
<opset="y0_1_5_loc/1 "/>
</bind>
</comp>

<comp id="116" class="1004" name="y0_1_6_loc_fu_116">
<pin_list>
<pin id="117" dir="0" index="0" bw="1" slack="0"/>
<pin id="118" dir="1" index="1" bw="32" slack="3"/>
</pin_list>
<bind>
<opcode="alloca(26) " fcode="alloca"/>
<opset="y0_1_6_loc/1 "/>
</bind>
</comp>

<comp id="120" class="1004" name="y0_0_loc_fu_120">
<pin_list>
<pin id="121" dir="0" index="0" bw="1" slack="0"/>
<pin id="122" dir="1" index="1" bw="32" slack="3"/>
</pin_list>
<bind>
<opcode="alloca(26) " fcode="alloca"/>
<opset="y0_0_loc/1 "/>
</bind>
</comp>

<comp id="124" class="1004" name="rowPtr_addr_gep_fu_124">
<pin_list>
<pin id="125" dir="0" index="0" bw="32" slack="0"/>
<pin id="126" dir="0" index="1" bw="1" slack="0"/>
<pin id="127" dir="0" index="2" bw="3" slack="0"/>
<pin id="128" dir="1" index="3" bw="3" slack="0"/>
</pin_list>
<bind>
<opcode="getelementptr(29) " fcode="getelementptr"/>
<opset="rowPtr_addr/2 "/>
</bind>
</comp>

<comp id="131" class="1004" name="grp_access_fu_131">
<pin_list>
<pin id="132" dir="0" index="0" bw="3" slack="0"/>
<pin id="133" dir="0" index="1" bw="32" slack="2147483647"/>
<pin id="134" dir="0" index="2" bw="0" slack="2147483647"/>
<pin id="135" dir="1" index="3" bw="32" slack="0"/>
</pin_list>
<bind>
<opcode="load(27) " fcode="load"/>
<opset="k/2 rowPtr_load/3 "/>
</bind>
</comp>

<comp id="137" class="1004" name="rowPtr_addr_1_gep_fu_137">
<pin_list>
<pin id="138" dir="0" index="0" bw="32" slack="0"/>
<pin id="139" dir="0" index="1" bw="1" slack="0"/>
<pin id="140" dir="0" index="2" bw="3" slack="0"/>
<pin id="141" dir="1" index="3" bw="3" slack="0"/>
</pin_list>
<bind>
<opcode="getelementptr(29) " fcode="getelementptr"/>
<opset="rowPtr_addr_1/3 "/>
</bind>
</comp>

<comp id="145" class="1004" name="y_addr_gep_fu_145">
<pin_list>
<pin id="146" dir="0" index="0" bw="32" slack="0"/>
<pin id="147" dir="0" index="1" bw="1" slack="0"/>
<pin id="148" dir="0" index="2" bw="3" slack="4"/>
<pin id="149" dir="1" index="3" bw="2" slack="0"/>
</pin_list>
<bind>
<opcode="getelementptr(29) " fcode="getelementptr"/>
<opset="y_addr/6 "/>
</bind>
</comp>

<comp id="152" class="1004" name="store_ln23_access_fu_152">
<pin_list>
<pin id="153" dir="0" index="0" bw="2" slack="0"/>
<pin id="154" dir="0" index="1" bw="32" slack="0"/>
<pin id="155" dir="0" index="2" bw="0" slack="2147483647"/>
<pin id="156" dir="1" index="3" bw="32" slack="2147483647"/>
</pin_list>
<bind>
<opcode="store(28) " fcode="store"/>
<opset="store_ln23/6 "/>
</bind>
</comp>

<comp id="158" class="1004" name="grp_spmv_Pipeline_L2_fu_158">
<pin_list>
<pin id="159" dir="0" index="0" bw="3" slack="0"/>
<pin id="160" dir="0" index="1" bw="32" slack="1"/>
<pin id="161" dir="0" index="2" bw="32" slack="0"/>
<pin id="162" dir="0" index="3" bw="32" slack="0"/>
<pin id="163" dir="0" index="4" bw="32" slack="0"/>
<pin id="164" dir="0" index="5" bw="32" slack="0"/>
<pin id="165" dir="0" index="6" bw="32" slack="3"/>
<pin id="166" dir="0" index="7" bw="32" slack="3"/>
<pin id="167" dir="0" index="8" bw="32" slack="3"/>
<pin id="168" dir="0" index="9" bw="32" slack="3"/>
<pin id="169" dir="0" index="10" bw="32" slack="3"/>
<pin id="170" dir="0" index="11" bw="32" slack="3"/>
<pin id="171" dir="0" index="12" bw="32" slack="3"/>
<pin id="172" dir="0" index="13" bw="32" slack="3"/>
<pin id="173" dir="1" index="14" bw="3" slack="1"/>
</pin_list>
<bind>
<opcode="call(48) " fcode="call"/>
<opset="targetBlock/4 "/>
</bind>
</comp>

<comp id="179" class="1004" name="store_ln16_store_fu_179">
<pin_list>
<pin id="180" dir="0" index="0" bw="1" slack="0"/>
<pin id="181" dir="0" index="1" bw="3" slack="0"/>
<pin id="182" dir="1" index="2" bw="0" slack="2147483647"/>
</pin_list>
<bind>
<opcode="store(28) " fcode="store"/>
<opset="store_ln16/1 "/>
</bind>
</comp>

<comp id="184" class="1004" name="i_1_load_fu_184">
<pin_list>
<pin id="185" dir="0" index="0" bw="3" slack="1"/>
<pin id="186" dir="1" index="1" bw="3" slack="0"/>
</pin_list>
<bind>
<opcode="load(27) " fcode="load"/>
<opset="i_1/2 "/>
</bind>
</comp>

<comp id="187" class="1004" name="icmp_ln16_fu_187">
<pin_list>
<pin id="188" dir="0" index="0" bw="3" slack="0"/>
<pin id="189" dir="0" index="1" bw="3" slack="0"/>
<pin id="190" dir="1" index="2" bw="1" slack="2147483647"/>
</pin_list>
<bind>
<opcode="icmp(45) " fcode="icmp"/>
<opset="icmp_ln16/2 "/>
</bind>
</comp>

<comp id="193" class="1004" name="indvars_iv_next6_fu_193">
<pin_list>
<pin id="194" dir="0" index="0" bw="3" slack="0"/>
<pin id="195" dir="0" index="1" bw="1" slack="0"/>
<pin id="196" dir="1" index="2" bw="3" slack="0"/>
</pin_list>
<bind>
<opcode="add(8) " fcode="add"/>
<opset="indvars_iv_next6/2 "/>
</bind>
</comp>

<comp id="199" class="1004" name="zext_ln16_fu_199">
<pin_list>
<pin id="200" dir="0" index="0" bw="3" slack="0"/>
<pin id="201" dir="1" index="1" bw="64" slack="0"/>
</pin_list>
<bind>
<opcode="zext(34) " fcode="zext"/>
<opset="zext_ln16/2 "/>
</bind>
</comp>

<comp id="204" class="1004" name="trunc_ln18_fu_204">
<pin_list>
<pin id="205" dir="0" index="0" bw="3" slack="0"/>
<pin id="206" dir="1" index="1" bw="2" slack="1"/>
</pin_list>
<bind>
<opcode="trunc(33) " fcode="trunc"/>
<opset="trunc_ln18/2 "/>
</bind>
</comp>

<comp id="208" class="1004" name="store_ln16_store_fu_208">
<pin_list>
<pin id="209" dir="0" index="0" bw="3" slack="0"/>
<pin id="210" dir="0" index="1" bw="3" slack="1"/>
<pin id="211" dir="1" index="2" bw="0" slack="2147483647"/>
</pin_list>
<bind>
<opcode="store(28) " fcode="store"/>
<opset="store_ln16/2 "/>
</bind>
</comp>

<comp id="213" class="1004" name="shl_ln_fu_213">
<pin_list>
<pin id="214" dir="0" index="0" bw="4" slack="0"/>
<pin id="215" dir="0" index="1" bw="2" slack="1"/>
<pin id="216" dir="0" index="2" bw="1" slack="0"/>
<pin id="217" dir="1" index="3" bw="4" slack="0"/>
</pin_list>
<bind>
<opcode="bitconcatenate(1004) " fcode="bitconcatenate"/>
<opset="shl_ln/3 "/>
</bind>
</comp>

<comp id="220" class="1004" name="zext_ln18_fu_220">
<pin_list>
<pin id="221" dir="0" index="0" bw="4" slack="0"/>
<pin id="222" dir="1" index="1" bw="5" slack="0"/>
</pin_list>
<bind>
<opcode="zext(34) " fcode="zext"/>
<opset="zext_ln18/3 "/>
</bind>
</comp>

<comp id="224" class="1004" name="empty_16_fu_224">
<pin_list>
<pin id="225" dir="0" index="0" bw="4" slack="0"/>
<pin id="226" dir="0" index="1" bw="4" slack="0"/>
<pin id="227" dir="1" index="2" bw="5" slack="0"/>
</pin_list>
<bind>
<opcode="add(8) " fcode="add"/>
<opset="empty_16/3 "/>
</bind>
</comp>

<comp id="230" class="1004" name="tmp_1_fu_230">
<pin_list>
<pin id="231" dir="0" index="0" bw="3" slack="0"/>
<pin id="232" dir="0" index="1" bw="5" slack="0"/>
<pin id="233" dir="0" index="2" bw="3" slack="0"/>
<pin id="234" dir="0" index="3" bw="4" slack="0"/>
<pin id="235" dir="1" index="4" bw="3" slack="0"/>
</pin_list>
<bind>
<opcode="partselect(1002) " fcode="partselect"/>
<opset="tmp_1/3 "/>
</bind>
</comp>

<comp id="240" class="1004" name="p_cast_fu_240">
<pin_list>
<pin id="241" dir="0" index="0" bw="3" slack="0"/>
<pin id="242" dir="1" index="1" bw="64" slack="0"/>
</pin_list>
<bind>
<opcode="zext(34) " fcode="zext"/>
<opset="p_cast/3 "/>
</bind>
</comp>

<comp id="245" class="1004" name="y0_0_loc_load_load_fu_245">
<pin_list>
<pin id="246" dir="0" index="0" bw="32" slack="5"/>
<pin id="247" dir="1" index="1" bw="32" slack="0"/>
</pin_list>
<bind>
<opcode="load(27) " fcode="load"/>
<opset="y0_0_loc_load/6 "/>
</bind>
</comp>

<comp id="248" class="1004" name="y0_1_6_loc_load_load_fu_248">
<pin_list>
<pin id="249" dir="0" index="0" bw="32" slack="5"/>
<pin id="250" dir="1" index="1" bw="32" slack="0"/>
</pin_list>
<bind>
<opcode="load(27) " fcode="load"/>
<opset="y0_1_6_loc_load/6 "/>
</bind>
</comp>

<comp id="251" class="1004" name="y0_1_5_loc_load_load_fu_251">
<pin_list>
<pin id="252" dir="0" index="0" bw="32" slack="5"/>
<pin id="253" dir="1" index="1" bw="32" slack="0"/>
</pin_list>
<bind>
<opcode="load(27) " fcode="load"/>
<opset="y0_1_5_loc_load/6 "/>
</bind>
</comp>

<comp id="254" class="1004" name="y0_1_4_loc_load_load_fu_254">
<pin_list>
<pin id="255" dir="0" index="0" bw="32" slack="5"/>
<pin id="256" dir="1" index="1" bw="32" slack="0"/>
</pin_list>
<bind>
<opcode="load(27) " fcode="load"/>
<opset="y0_1_4_loc_load/6 "/>
</bind>
</comp>

<comp id="257" class="1004" name="y0_1_3_loc_load_load_fu_257">
<pin_list>
<pin id="258" dir="0" index="0" bw="32" slack="5"/>
<pin id="259" dir="1" index="1" bw="32" slack="0"/>
</pin_list>
<bind>
<opcode="load(27) " fcode="load"/>
<opset="y0_1_3_loc_load/6 "/>
</bind>
</comp>

<comp id="260" class="1004" name="y0_1_2_loc_load_load_fu_260">
<pin_list>
<pin id="261" dir="0" index="0" bw="32" slack="5"/>
<pin id="262" dir="1" index="1" bw="32" slack="0"/>
</pin_list>
<bind>
<opcode="load(27) " fcode="load"/>
<opset="y0_1_2_loc_load/6 "/>
</bind>
</comp>

<comp id="263" class="1004" name="y0_1_1_loc_load_load_fu_263">
<pin_list>
<pin id="264" dir="0" index="0" bw="32" slack="5"/>
<pin id="265" dir="1" index="1" bw="32" slack="0"/>
</pin_list>
<bind>
<opcode="load(27) " fcode="load"/>
<opset="y0_1_1_loc_load/6 "/>
</bind>
</comp>

<comp id="266" class="1004" name="y0_1_loc_load_load_fu_266">
<pin_list>
<pin id="267" dir="0" index="0" bw="32" slack="5"/>
<pin id="268" dir="1" index="1" bw="32" slack="0"/>
</pin_list>
<bind>
<opcode="load(27) " fcode="load"/>
<opset="y0_1_loc_load/6 "/>
</bind>
</comp>

<comp id="269" class="1004" name="empty_17_fu_269">
<pin_list>
<pin id="270" dir="0" index="0" bw="3" slack="1"/>
<pin id="271" dir="0" index="1" bw="3" slack="0"/>
<pin id="272" dir="1" index="2" bw="1" slack="0"/>
</pin_list>
<bind>
<opcode="icmp(45) " fcode="icmp"/>
<opset="empty_17/6 "/>
</bind>
</comp>

<comp id="274" class="1004" name="empty_18_fu_274">
<pin_list>
<pin id="275" dir="0" index="0" bw="1" slack="0"/>
<pin id="276" dir="0" index="1" bw="32" slack="0"/>
<pin id="277" dir="0" index="2" bw="32" slack="0"/>
<pin id="278" dir="1" index="3" bw="32" slack="0"/>
</pin_list>
<bind>
<opcode="select(49) " fcode="select"/>
<opset="empty_18/6 "/>
</bind>
</comp>

<comp id="282" class="1004" name="empty_19_fu_282">
<pin_list>
<pin id="283" dir="0" index="0" bw="3" slack="1"/>
<pin id="284" dir="0" index="1" bw="3" slack="0"/>
<pin id="285" dir="1" index="2" bw="1" slack="0"/>
</pin_list>
<bind>
<opcode="icmp(45) " fcode="icmp"/>
<opset="empty_19/6 "/>
</bind>
</comp>

<comp id="287" class="1004" name="empty_20_fu_287">
<pin_list>
<pin id="288" dir="0" index="0" bw="1" slack="0"/>
<pin id="289" dir="0" index="1" bw="32" slack="0"/>
<pin id="290" dir="0" index="2" bw="32" slack="0"/>
<pin id="291" dir="1" index="3" bw="32" slack="0"/>
</pin_list>
<bind>
<opcode="select(49) " fcode="select"/>
<opset="empty_20/6 "/>
</bind>
</comp>

<comp id="295" class="1004" name="empty_21_fu_295">
<pin_list>
<pin id="296" dir="0" index="0" bw="3" slack="1"/>
<pin id="297" dir="0" index="1" bw="3" slack="0"/>
<pin id="298" dir="1" index="2" bw="1" slack="0"/>
</pin_list>
<bind>
<opcode="icmp(45) " fcode="icmp"/>
<opset="empty_21/6 "/>
</bind>
</comp>

<comp id="300" class="1004" name="empty_22_fu_300">
<pin_list>
<pin id="301" dir="0" index="0" bw="1" slack="0"/>
<pin id="302" dir="0" index="1" bw="32" slack="0"/>
<pin id="303" dir="0" index="2" bw="32" slack="0"/>
<pin id="304" dir="1" index="3" bw="32" slack="0"/>
</pin_list>
<bind>
<opcode="select(49) " fcode="select"/>
<opset="empty_22/6 "/>
</bind>
</comp>

<comp id="308" class="1004" name="empty_23_fu_308">
<pin_list>
<pin id="309" dir="0" index="0" bw="3" slack="1"/>
<pin id="310" dir="0" index="1" bw="3" slack="0"/>
<pin id="311" dir="1" index="2" bw="1" slack="0"/>
</pin_list>
<bind>
<opcode="icmp(45) " fcode="icmp"/>
<opset="empty_23/6 "/>
</bind>
</comp>

<comp id="313" class="1004" name="empty_24_fu_313">
<pin_list>
<pin id="314" dir="0" index="0" bw="1" slack="0"/>
<pin id="315" dir="0" index="1" bw="32" slack="0"/>
<pin id="316" dir="0" index="2" bw="32" slack="0"/>
<pin id="317" dir="1" index="3" bw="32" slack="0"/>
</pin_list>
<bind>
<opcode="select(49) " fcode="select"/>
<opset="empty_24/6 "/>
</bind>
</comp>

<comp id="321" class="1004" name="empty_25_fu_321">
<pin_list>
<pin id="322" dir="0" index="0" bw="3" slack="1"/>
<pin id="323" dir="0" index="1" bw="3" slack="0"/>
<pin id="324" dir="1" index="2" bw="1" slack="0"/>
</pin_list>
<bind>
<opcode="icmp(45) " fcode="icmp"/>
<opset="empty_25/6 "/>
</bind>
</comp>

<comp id="326" class="1004" name="empty_26_fu_326">
<pin_list>
<pin id="327" dir="0" index="0" bw="1" slack="0"/>
<pin id="328" dir="0" index="1" bw="32" slack="0"/>
<pin id="329" dir="0" index="2" bw="32" slack="0"/>
<pin id="330" dir="1" index="3" bw="32" slack="0"/>
</pin_list>
<bind>
<opcode="select(49) " fcode="select"/>
<opset="empty_26/6 "/>
</bind>
</comp>

<comp id="334" class="1004" name="empty_27_fu_334">
<pin_list>
<pin id="335" dir="0" index="0" bw="3" slack="1"/>
<pin id="336" dir="0" index="1" bw="3" slack="0"/>
<pin id="337" dir="1" index="2" bw="1" slack="0"/>
</pin_list>
<bind>
<opcode="icmp(45) " fcode="icmp"/>
<opset="empty_27/6 "/>
</bind>
</comp>

<comp id="339" class="1004" name="empty_28_fu_339">
<pin_list>
<pin id="340" dir="0" index="0" bw="1" slack="0"/>
<pin id="341" dir="0" index="1" bw="32" slack="0"/>
<pin id="342" dir="0" index="2" bw="32" slack="0"/>
<pin id="343" dir="1" index="3" bw="32" slack="0"/>
</pin_list>
<bind>
<opcode="select(49) " fcode="select"/>
<opset="empty_28/6 "/>
</bind>
</comp>

<comp id="347" class="1004" name="empty_29_fu_347">
<pin_list>
<pin id="348" dir="0" index="0" bw="3" slack="1"/>
<pin id="349" dir="0" index="1" bw="3" slack="0"/>
<pin id="350" dir="1" index="2" bw="1" slack="0"/>
</pin_list>
<bind>
<opcode="icmp(45) " fcode="icmp"/>
<opset="empty_29/6 "/>
</bind>
</comp>

<comp id="352" class="1004" name="y0_lcssa_fu_352">
<pin_list>
<pin id="353" dir="0" index="0" bw="1" slack="0"/>
<pin id="354" dir="0" index="1" bw="32" slack="0"/>
<pin id="355" dir="0" index="2" bw="32" slack="0"/>
<pin id="356" dir="1" index="3" bw="32" slack="0"/>
</pin_list>
<bind>
<opcode="select(49) " fcode="select"/>
<opset="y0_lcssa/6 "/>
</bind>
</comp>

<comp id="360" class="1004" name="bitcast_ln23_fu_360">
<pin_list>
<pin id="361" dir="0" index="0" bw="32" slack="0"/>
<pin id="362" dir="1" index="1" bw="32" slack="0"/>
</pin_list>
<bind>
<opcode="bitcast(44) " fcode="bitcast"/>
<opset="bitcast_ln23/6 "/>
</bind>
</comp>

<comp id="365" class="1005" name="i_reg_365">
<pin_list>
<pin id="366" dir="0" index="0" bw="3" slack="0"/>
<pin id="367" dir="1" index="1" bw="3" slack="0"/>
</pin_list>
<bind>
<opset="i "/>
</bind>
</comp>

<comp id="372" class="1005" name="y0_1_loc_reg_372">
<pin_list>
<pin id="373" dir="0" index="0" bw="32" slack="3"/>
<pin id="374" dir="1" index="1" bw="32" slack="3"/>
</pin_list>
<bind>
<opset="y0_1_loc "/>
</bind>
</comp>

<comp id="378" class="1005" name="y0_1_1_loc_reg_378">
<pin_list>
<pin id="379" dir="0" index="0" bw="32" slack="3"/>
<pin id="380" dir="1" index="1" bw="32" slack="3"/>
</pin_list>
<bind>
<opset="y0_1_1_loc "/>
</bind>
</comp>

<comp id="384" class="1005" name="y0_1_2_loc_reg_384">
<pin_list>
<pin id="385" dir="0" index="0" bw="32" slack="3"/>
<pin id="386" dir="1" index="1" bw="32" slack="3"/>
</pin_list>
<bind>
<opset="y0_1_2_loc "/>
</bind>
</comp>

<comp id="390" class="1005" name="y0_1_3_loc_reg_390">
<pin_list>
<pin id="391" dir="0" index="0" bw="32" slack="3"/>
<pin id="392" dir="1" index="1" bw="32" slack="3"/>
</pin_list>
<bind>
<opset="y0_1_3_loc "/>
</bind>
</comp>

<comp id="396" class="1005" name="y0_1_4_loc_reg_396">
<pin_list>
<pin id="397" dir="0" index="0" bw="32" slack="3"/>
<pin id="398" dir="1" index="1" bw="32" slack="3"/>
</pin_list>
<bind>
<opset="y0_1_4_loc "/>
</bind>
</comp>

<comp id="402" class="1005" name="y0_1_5_loc_reg_402">
<pin_list>
<pin id="403" dir="0" index="0" bw="32" slack="3"/>
<pin id="404" dir="1" index="1" bw="32" slack="3"/>
</pin_list>
<bind>
<opset="y0_1_5_loc "/>
</bind>
</comp>

<comp id="408" class="1005" name="y0_1_6_loc_reg_408">
<pin_list>
<pin id="409" dir="0" index="0" bw="32" slack="3"/>
<pin id="410" dir="1" index="1" bw="32" slack="3"/>
</pin_list>
<bind>
<opset="y0_1_6_loc "/>
</bind>
</comp>

<comp id="414" class="1005" name="y0_0_loc_reg_414">
<pin_list>
<pin id="415" dir="0" index="0" bw="32" slack="3"/>
<pin id="416" dir="1" index="1" bw="32" slack="3"/>
</pin_list>
<bind>
<opset="y0_0_loc "/>
</bind>
</comp>

<comp id="423" class="1005" name="zext_ln16_reg_423">
<pin_list>
<pin id="424" dir="0" index="0" bw="64" slack="4"/>
<pin id="425" dir="1" index="1" bw="64" slack="4"/>
</pin_list>
<bind>
<opset="zext_ln16 "/>
</bind>
</comp>

<comp id="428" class="1005" name="trunc_ln18_reg_428">
<pin_list>
<pin id="429" dir="0" index="0" bw="2" slack="1"/>
<pin id="430" dir="1" index="1" bw="2" slack="1"/>
</pin_list>
<bind>
<opset="trunc_ln18 "/>
</bind>
</comp>

<comp id="433" class="1005" name="rowPtr_addr_reg_433">
<pin_list>
<pin id="434" dir="0" index="0" bw="3" slack="1"/>
<pin id="435" dir="1" index="1" bw="3" slack="1"/>
</pin_list>
<bind>
<opset="rowPtr_addr "/>
</bind>
</comp>

<comp id="438" class="1005" name="k_reg_438">
<pin_list>
<pin id="439" dir="0" index="0" bw="32" slack="1"/>
<pin id="440" dir="1" index="1" bw="32" slack="1"/>
</pin_list>
<bind>
<opset="k "/>
</bind>
</comp>

<comp id="443" class="1005" name="rowPtr_addr_1_reg_443">
<pin_list>
<pin id="444" dir="0" index="0" bw="3" slack="1"/>
<pin id="445" dir="1" index="1" bw="3" slack="1"/>
</pin_list>
<bind>
<opset="rowPtr_addr_1 "/>
</bind>
</comp>

<comp id="448" class="1005" name="rowPtr_load_reg_448">
<pin_list>
<pin id="449" dir="0" index="0" bw="32" slack="1"/>
<pin id="450" dir="1" index="1" bw="32" slack="1"/>
</pin_list>
<bind>
<opset="rowPtr_load "/>
</bind>
</comp>

<comp id="453" class="1005" name="targetBlock_reg_453">
<pin_list>
<pin id="454" dir="0" index="0" bw="3" slack="1"/>
<pin id="455" dir="1" index="1" bw="3" slack="1"/>
</pin_list>
<bind>
<opset="targetBlock "/>
</bind>
</comp>

</comp_list>

<net_list>
<net id="91"><net_src comp="10" pin="0"/><net_sink comp="88" pin=0"/></net>

<net id="95"><net_src comp="12" pin="0"/><net_sink comp="92" pin=0"/></net>

<net id="99"><net_src comp="12" pin="0"/><net_sink comp="96" pin=0"/></net>

<net id="103"><net_src comp="12" pin="0"/><net_sink comp="100" pin=0"/></net>

<net id="107"><net_src comp="12" pin="0"/><net_sink comp="104" pin=0"/></net>

<net id="111"><net_src comp="12" pin="0"/><net_sink comp="108" pin=0"/></net>

<net id="115"><net_src comp="12" pin="0"/><net_sink comp="112" pin=0"/></net>

<net id="119"><net_src comp="12" pin="0"/><net_sink comp="116" pin=0"/></net>

<net id="123"><net_src comp="12" pin="0"/><net_sink comp="120" pin=0"/></net>

<net id="129"><net_src comp="0" pin="0"/><net_sink comp="124" pin=0"/></net>

<net id="130"><net_src comp="60" pin="0"/><net_sink comp="124" pin=1"/></net>

<net id="136"><net_src comp="124" pin="3"/><net_sink comp="131" pin=0"/></net>

<net id="142"><net_src comp="0" pin="0"/><net_sink comp="137" pin=0"/></net>

<net id="143"><net_src comp="60" pin="0"/><net_sink comp="137" pin=1"/></net>

<net id="144"><net_src comp="137" pin="3"/><net_sink comp="131" pin=0"/></net>

<net id="150"><net_src comp="6" pin="0"/><net_sink comp="145" pin=0"/></net>

<net id="151"><net_src comp="60" pin="0"/><net_sink comp="145" pin=1"/></net>

<net id="157"><net_src comp="145" pin="3"/><net_sink comp="152" pin=0"/></net>

<net id="174"><net_src comp="74" pin="0"/><net_sink comp="158" pin=0"/></net>

<net id="175"><net_src comp="131" pin="3"/><net_sink comp="158" pin=2"/></net>

<net id="176"><net_src comp="4" pin="0"/><net_sink comp="158" pin=3"/></net>

<net id="177"><net_src comp="2" pin="0"/><net_sink comp="158" pin=4"/></net>

<net id="178"><net_src comp="8" pin="0"/><net_sink comp="158" pin=5"/></net>

<net id="183"><net_src comp="50" pin="0"/><net_sink comp="179" pin=0"/></net>

<net id="191"><net_src comp="184" pin="1"/><net_sink comp="187" pin=0"/></net>

<net id="192"><net_src comp="52" pin="0"/><net_sink comp="187" pin=1"/></net>

<net id="197"><net_src comp="184" pin="1"/><net_sink comp="193" pin=0"/></net>

<net id="198"><net_src comp="58" pin="0"/><net_sink comp="193" pin=1"/></net>

<net id="202"><net_src comp="184" pin="1"/><net_sink comp="199" pin=0"/></net>

<net id="203"><net_src comp="199" pin="1"/><net_sink comp="124" pin=2"/></net>

<net id="207"><net_src comp="184" pin="1"/><net_sink comp="204" pin=0"/></net>

<net id="212"><net_src comp="193" pin="2"/><net_sink comp="208" pin=0"/></net>

<net id="218"><net_src comp="62" pin="0"/><net_sink comp="213" pin=0"/></net>

<net id="219"><net_src comp="64" pin="0"/><net_sink comp="213" pin=2"/></net>

<net id="223"><net_src comp="213" pin="3"/><net_sink comp="220" pin=0"/></net>

<net id="228"><net_src comp="220" pin="1"/><net_sink comp="224" pin=0"/></net>

<net id="229"><net_src comp="66" pin="0"/><net_sink comp="224" pin=1"/></net>

<net id="236"><net_src comp="68" pin="0"/><net_sink comp="230" pin=0"/></net>

<net id="237"><net_src comp="224" pin="2"/><net_sink comp="230" pin=1"/></net>

<net id="238"><net_src comp="70" pin="0"/><net_sink comp="230" pin=2"/></net>

<net id="239"><net_src comp="72" pin="0"/><net_sink comp="230" pin=3"/></net>

<net id="243"><net_src comp="230" pin="4"/><net_sink comp="240" pin=0"/></net>

<net id="244"><net_src comp="240" pin="1"/><net_sink comp="137" pin=2"/></net>

<net id="273"><net_src comp="50" pin="0"/><net_sink comp="269" pin=1"/></net>

<net id="279"><net_src comp="269" pin="2"/><net_sink comp="274" pin=0"/></net>

<net id="280"><net_src comp="245" pin="1"/><net_sink comp="274" pin=1"/></net>

<net id="281"><net_src comp="266" pin="1"/><net_sink comp="274" pin=2"/></net>

<net id="286"><net_src comp="58" pin="0"/><net_sink comp="282" pin=1"/></net>

<net id="292"><net_src comp="282" pin="2"/><net_sink comp="287" pin=0"/></net>

<net id="293"><net_src comp="248" pin="1"/><net_sink comp="287" pin=1"/></net>

<net id="294"><net_src comp="274" pin="3"/><net_sink comp="287" pin=2"/></net>

<net id="299"><net_src comp="80" pin="0"/><net_sink comp="295" pin=1"/></net>

<net id="305"><net_src comp="295" pin="2"/><net_sink comp="300" pin=0"/></net>

<net id="306"><net_src comp="251" pin="1"/><net_sink comp="300" pin=1"/></net>

<net id="307"><net_src comp="287" pin="3"/><net_sink comp="300" pin=2"/></net>

<net id="312"><net_src comp="82" pin="0"/><net_sink comp="308" pin=1"/></net>

<net id="318"><net_src comp="308" pin="2"/><net_sink comp="313" pin=0"/></net>

<net id="319"><net_src comp="254" pin="1"/><net_sink comp="313" pin=1"/></net>

<net id="320"><net_src comp="300" pin="3"/><net_sink comp="313" pin=2"/></net>

<net id="325"><net_src comp="52" pin="0"/><net_sink comp="321" pin=1"/></net>

<net id="331"><net_src comp="321" pin="2"/><net_sink comp="326" pin=0"/></net>

<net id="332"><net_src comp="257" pin="1"/><net_sink comp="326" pin=1"/></net>

<net id="333"><net_src comp="313" pin="3"/><net_sink comp="326" pin=2"/></net>

<net id="338"><net_src comp="84" pin="0"/><net_sink comp="334" pin=1"/></net>

<net id="344"><net_src comp="334" pin="2"/><net_sink comp="339" pin=0"/></net>

<net id="345"><net_src comp="260" pin="1"/><net_sink comp="339" pin=1"/></net>

<net id="346"><net_src comp="326" pin="3"/><net_sink comp="339" pin=2"/></net>

<net id="351"><net_src comp="86" pin="0"/><net_sink comp="347" pin=1"/></net>

<net id="357"><net_src comp="347" pin="2"/><net_sink comp="352" pin=0"/></net>

<net id="358"><net_src comp="263" pin="1"/><net_sink comp="352" pin=1"/></net>

<net id="359"><net_src comp="339" pin="3"/><net_sink comp="352" pin=2"/></net>

<net id="363"><net_src comp="352" pin="3"/><net_sink comp="360" pin=0"/></net>

<net id="364"><net_src comp="360" pin="1"/><net_sink comp="152" pin=1"/></net>

<net id="368"><net_src comp="88" pin="1"/><net_sink comp="365" pin=0"/></net>

<net id="369"><net_src comp="365" pin="1"/><net_sink comp="179" pin=1"/></net>

<net id="370"><net_src comp="365" pin="1"/><net_sink comp="184" pin=0"/></net>

<net id="371"><net_src comp="365" pin="1"/><net_sink comp="208" pin=1"/></net>

<net id="375"><net_src comp="92" pin="1"/><net_sink comp="372" pin=0"/></net>

<net id="376"><net_src comp="372" pin="1"/><net_sink comp="158" pin=13"/></net>

<net id="377"><net_src comp="372" pin="1"/><net_sink comp="266" pin=0"/></net>

<net id="381"><net_src comp="96" pin="1"/><net_sink comp="378" pin=0"/></net>

<net id="382"><net_src comp="378" pin="1"/><net_sink comp="158" pin=12"/></net>

<net id="383"><net_src comp="378" pin="1"/><net_sink comp="263" pin=0"/></net>

<net id="387"><net_src comp="100" pin="1"/><net_sink comp="384" pin=0"/></net>

<net id="388"><net_src comp="384" pin="1"/><net_sink comp="158" pin=11"/></net>

<net id="389"><net_src comp="384" pin="1"/><net_sink comp="260" pin=0"/></net>

<net id="393"><net_src comp="104" pin="1"/><net_sink comp="390" pin=0"/></net>

<net id="394"><net_src comp="390" pin="1"/><net_sink comp="158" pin=10"/></net>

<net id="395"><net_src comp="390" pin="1"/><net_sink comp="257" pin=0"/></net>

<net id="399"><net_src comp="108" pin="1"/><net_sink comp="396" pin=0"/></net>

<net id="400"><net_src comp="396" pin="1"/><net_sink comp="158" pin=9"/></net>

<net id="401"><net_src comp="396" pin="1"/><net_sink comp="254" pin=0"/></net>

<net id="405"><net_src comp="112" pin="1"/><net_sink comp="402" pin=0"/></net>

<net id="406"><net_src comp="402" pin="1"/><net_sink comp="158" pin=8"/></net>

<net id="407"><net_src comp="402" pin="1"/><net_sink comp="251" pin=0"/></net>

<net id="411"><net_src comp="116" pin="1"/><net_sink comp="408" pin=0"/></net>

<net id="412"><net_src comp="408" pin="1"/><net_sink comp="158" pin=7"/></net>

<net id="413"><net_src comp="408" pin="1"/><net_sink comp="248" pin=0"/></net>

<net id="417"><net_src comp="120" pin="1"/><net_sink comp="414" pin=0"/></net>

<net id="418"><net_src comp="414" pin="1"/><net_sink comp="158" pin=6"/></net>

<net id="419"><net_src comp="414" pin="1"/><net_sink comp="245" pin=0"/></net>

<net id="426"><net_src comp="199" pin="1"/><net_sink comp="423" pin=0"/></net>

<net id="427"><net_src comp="423" pin="1"/><net_sink comp="145" pin=2"/></net>

<net id="431"><net_src comp="204" pin="1"/><net_sink comp="428" pin=0"/></net>

<net id="432"><net_src comp="428" pin="1"/><net_sink comp="213" pin=1"/></net>

<net id="436"><net_src comp="124" pin="3"/><net_sink comp="433" pin=0"/></net>

<net id="437"><net_src comp="433" pin="1"/><net_sink comp="131" pin=0"/></net>

<net id="441"><net_src comp="131" pin="3"/><net_sink comp="438" pin=0"/></net>

<net id="442"><net_src comp="438" pin="1"/><net_sink comp="158" pin=1"/></net>

<net id="446"><net_src comp="137" pin="3"/><net_sink comp="443" pin=0"/></net>

<net id="447"><net_src comp="443" pin="1"/><net_sink comp="131" pin=0"/></net>

<net id="451"><net_src comp="131" pin="3"/><net_sink comp="448" pin=0"/></net>

<net id="452"><net_src comp="448" pin="1"/><net_sink comp="158" pin=2"/></net>

<net id="456"><net_src comp="158" pin="14"/><net_sink comp="453" pin=0"/></net>

<net id="457"><net_src comp="453" pin="1"/><net_sink comp="269" pin=0"/></net>

<net id="458"><net_src comp="453" pin="1"/><net_sink comp="282" pin=0"/></net>

<net id="459"><net_src comp="453" pin="1"/><net_sink comp="295" pin=0"/></net>

<net id="460"><net_src comp="453" pin="1"/><net_sink comp="308" pin=0"/></net>

<net id="461"><net_src comp="453" pin="1"/><net_sink comp="321" pin=0"/></net>

<net id="462"><net_src comp="453" pin="1"/><net_sink comp="334" pin=0"/></net>

<net id="463"><net_src comp="453" pin="1"/><net_sink comp="347" pin=0"/></net>

</net_list>

</model> 
---------------- Datapath Model END ------------------

* FSMD analyzer results:
  - Output states:
	Port: y | {6 }
 - Input state : 
	Port: spmv : rowPtr | {2 3 4 }
	Port: spmv : columnIndex | {4 5 }
	Port: spmv : values | {4 5 }
	Port: spmv : x | {4 5 }
  - Chain level:
	State 1
		store_ln16 : 1
	State 2
		icmp_ln16 : 1
		indvars_iv_next6 : 1
		br_ln16 : 2
		zext_ln16 : 1
		trunc_ln18 : 1
		rowPtr_addr : 2
		k : 3
		store_ln16 : 2
	State 3
		zext_ln18 : 1
		empty_16 : 2
		tmp_1 : 3
		p_cast : 4
		rowPtr_addr_1 : 5
		rowPtr_load : 6
	State 4
		targetBlock : 1
	State 5
	State 6
		empty_18 : 1
		empty_20 : 2
		empty_22 : 3
		empty_24 : 4
		empty_26 : 5
		empty_28 : 6
		y0_lcssa : 7
		bitcast_ln23 : 8
		store_ln23 : 9


============================================================
+ Verbose Summary: Datapath Resource usage 
============================================================

* Functional unit list:
|----------|-----------------------------|---------|---------|---------|---------|
| Operation|       Functional Unit       |   DSP   |  Delay  |    FF   |   LUT   |
|----------|-----------------------------|---------|---------|---------|---------|
|   call   | grp_spmv_Pipeline_L2_fu_158 |    5    | 18.8194 |   1755  |   2035  |
|----------|-----------------------------|---------|---------|---------|---------|
|          |       empty_18_fu_274       |    0    |    0    |    0    |    32   |
|          |       empty_20_fu_287       |    0    |    0    |    0    |    32   |
|          |       empty_22_fu_300       |    0    |    0    |    0    |    32   |
|  select  |       empty_24_fu_313       |    0    |    0    |    0    |    32   |
|          |       empty_26_fu_326       |    0    |    0    |    0    |    32   |
|          |       empty_28_fu_339       |    0    |    0    |    0    |    32   |
|          |       y0_lcssa_fu_352       |    0    |    0    |    0    |    32   |
|----------|-----------------------------|---------|---------|---------|---------|
|          |       icmp_ln16_fu_187      |    0    |    0    |    0    |    8    |
|          |       empty_17_fu_269       |    0    |    0    |    0    |    8    |
|          |       empty_19_fu_282       |    0    |    0    |    0    |    8    |
|   icmp   |       empty_21_fu_295       |    0    |    0    |    0    |    8    |
|          |       empty_23_fu_308       |    0    |    0    |    0    |    8    |
|          |       empty_25_fu_321       |    0    |    0    |    0    |    8    |
|          |       empty_27_fu_334       |    0    |    0    |    0    |    8    |
|          |       empty_29_fu_347       |    0    |    0    |    0    |    8    |
|----------|-----------------------------|---------|---------|---------|---------|
|    add   |   indvars_iv_next6_fu_193   |    0    |    0    |    0    |    11   |
|          |       empty_16_fu_224       |    0    |    0    |    0    |    13   |
|----------|-----------------------------|---------|---------|---------|---------|
|          |       zext_ln16_fu_199      |    0    |    0    |    0    |    0    |
|   zext   |       zext_ln18_fu_220      |    0    |    0    |    0    |    0    |
|          |        p_cast_fu_240        |    0    |    0    |    0    |    0    |
|----------|-----------------------------|---------|---------|---------|---------|
|   trunc  |      trunc_ln18_fu_204      |    0    |    0    |    0    |    0    |
|----------|-----------------------------|---------|---------|---------|---------|
|bitconcatenate|        shl_ln_fu_213        |    0    |    0    |    0    |    0    |
|----------|-----------------------------|---------|---------|---------|---------|
|partselect|         tmp_1_fu_230        |    0    |    0    |    0    |    0    |
|----------|-----------------------------|---------|---------|---------|---------|
|   Total  |                             |    5    | 18.8194 |   1755  |   2347  |
|----------|-----------------------------|---------|---------|---------|---------|

Memories:
N/A

* Register list:
+---------------------+--------+
|                     |   FF   |
+---------------------+--------+
|      i_reg_365      |    3   |
|      k_reg_438      |   32   |
|rowPtr_addr_1_reg_443|    3   |
| rowPtr_addr_reg_433 |    3   |
| rowPtr_load_reg_448 |   32   |
| targetBlock_reg_453 |    3   |
|  trunc_ln18_reg_428 |    2   |
|   y0_0_loc_reg_414  |   32   |
|  y0_1_1_loc_reg_378 |   32   |
|  y0_1_2_loc_reg_384 |   32   |
|  y0_1_3_loc_reg_390 |   32   |
|  y0_1_4_loc_reg_396 |   32   |
|  y0_1_5_loc_reg_402 |   32   |
|  y0_1_6_loc_reg_408 |   32   |
|   y0_1_loc_reg_372  |   32   |
|  zext_ln16_reg_423  |   64   |
+---------------------+--------+
|        Total        |   398  |
+---------------------+--------+

* Multiplexer (MUX) list: 
|-----------------------------|------|------|------|--------||---------||---------|
|             Comp            |  Pin | Size |  BW  | S x BW ||  Delay  ||   LUT   |
|-----------------------------|------|------|------|--------||---------||---------|
|      grp_access_fu_131      |  p0  |   4  |   3  |   12   ||    20   |
| grp_spmv_Pipeline_L2_fu_158 |  p2  |   2  |  32  |   64   ||    9    |
|-----------------------------|------|------|------|--------||---------||---------|
|            Total            |      |      |      |   76   ||  3.4146 ||    29   |
|-----------------------------|------|------|------|--------||---------||---------|



* Summary:
+-----------+--------+--------+--------+--------+
|           |   DSP  |  Delay |   FF   |   LUT  |
+-----------+--------+--------+--------+--------+
|  Function |    5   |   18   |  1755  |  2347  |
|   Memory  |    -   |    -   |    -   |    -   |
|Multiplexer|    -   |    3   |    -   |   29   |
|  Register |    -   |    -   |   398  |    -   |
+-----------+--------+--------+--------+--------+
|   Total   |    5   |   22   |  2153  |  2376  |
+-----------+--------+--------+--------+--------+
